<?xml version="1.0" encoding="UTF-8"?>
<!-- Generated by org.testng.reporters.JUnitXMLReporter -->
<testsuite hostname="CNEGRONEW2" ignored="0" name="chrome1" tests="3" failures="0" timestamp="29 mag 2020 14:02:09 GMT" time="4.267" errors="0">
  <testcase name="@BeforeMethod beforeMethod" time="3.223" classname="aria.testframework.businessprocess.GBusinessProcess">
    <failure type="org.openqa.selenium.SessionNotCreatedException" message="session not created: This version of ChromeDriver only supports Chrome version 79
Build info: version: &amp;apos;3.4.0&amp;apos;, revision: &amp;apos;unknown&amp;apos;, time: &amp;apos;unknown&amp;apos;
System info: host: &amp;apos;CNEGRONEW2&amp;apos;, ip: &amp;apos;10.240.103.158&amp;apos;, os.name: &amp;apos;Windows 7&amp;apos;, os.arch: &amp;apos;amd64&amp;apos;, os.version: &amp;apos;6.1&amp;apos;, java.version: &amp;apos;1.8.0_181&amp;apos;
Driver info: driver.version: Driver
remote stacktrace: Backtrace:
	Ordinal0 [0x0025A113+1548563]
	Ordinal0 [0x001DDDA1+1039777]
	Ordinal0 [0x0015E485+517253]
	Ordinal0 [0x000EFD34+64820]
	Ordinal0 [0x000EC61E+50718]
	Ordinal0 [0x0010B797+178071]
	Ordinal0 [0x0010B59D+177565]
	Ordinal0 [0x001095FB+169467]
	Ordinal0 [0x000F160A+71178]
	Ordinal0 [0x000F2690+75408]
	Ordinal0 [0x000F2629+75305]
	Ordinal0 [0x001F71B7+1143223]
	GetHandleVerifier [0x002F2B46+507814]
	GetHandleVerifier [0x002F2864+507076]
	GetHandleVerifier [0x002F9F47+537511]
	GetHandleVerifier [0x002F3402+510050]
	Ordinal0 [0x001EF29C+1110684]
	Ordinal0 [0x001F938B+1151883]
	Ordinal0 [0x001F94F3+1152243]
	Ordinal0 [0x001F83F5+1147893]
	BaseThreadInitThunk [0x75FF343D+18]
	RtlInitializeExceptionChain [0x77B09812+99]
	RtlInitializeExceptionChain [0x77B097E5+54]
">
      <![CDATA[org.openqa.selenium.SessionNotCreatedException: session not created: This version of ChromeDriver only supports Chrome version 79
Build info: version: '3.4.0', revision: 'unknown', time: 'unknown'
System info: host: 'CNEGRONEW2', ip: '10.240.103.158', os.name: 'Windows 7', os.arch: 'amd64', os.version: '6.1', java.version: '1.8.0_181'
Driver info: driver.version: Driver
remote stacktrace: Backtrace:
Ordinal0 [0x0025A113+1548563]
Ordinal0 [0x001DDDA1+1039777]
Ordinal0 [0x0015E485+517253]
Ordinal0 [0x000EFD34+64820]
Ordinal0 [0x000EC61E+50718]
Ordinal0 [0x0010B797+178071]
Ordinal0 [0x0010B59D+177565]
Ordinal0 [0x001095FB+169467]
Ordinal0 [0x000F160A+71178]
Ordinal0 [0x000F2690+75408]
Ordinal0 [0x000F2629+75305]
Ordinal0 [0x001F71B7+1143223]
GetHandleVerifier [0x002F2B46+507814]
GetHandleVerifier [0x002F2864+507076]
GetHandleVerifier [0x002F9F47+537511]
GetHandleVerifier [0x002F3402+510050]
Ordinal0 [0x001EF29C+1110684]
Ordinal0 [0x001F938B+1151883]
Ordinal0 [0x001F94F3+1152243]
Ordinal0 [0x001F83F5+1147893]
BaseThreadInitThunk [0x75FF343D+18]
RtlInitializeExceptionChain [0x77B09812+99]
RtlInitializeExceptionChain [0x77B097E5+54]

at org.openqa.selenium.remote.W3CHandshakeResponse.lambda$new$0(W3CHandshakeResponse.java:57)
at org.openqa.selenium.remote.W3CHandshakeResponse.lambda$getResponseFunction$2(W3CHandshakeResponse.java:104)
at org.openqa.selenium.remote.ProtocolHandshake.lambda$createSession$22(ProtocolHandshake.java:365)
at java.util.stream.ReferencePipeline$3$1.accept(ReferencePipeline.java:193)
at java.util.Spliterators$ArraySpliterator.tryAdvance(Spliterators.java:958)
at java.util.stream.ReferencePipeline.forEachWithCancel(ReferencePipeline.java:126)
at java.util.stream.AbstractPipeline.copyIntoWithCancel(AbstractPipeline.java:498)
at java.util.stream.AbstractPipeline.copyInto(AbstractPipeline.java:485)
at java.util.stream.AbstractPipeline.wrapAndCopyInto(AbstractPipeline.java:471)
at java.util.stream.FindOps$FindOp.evaluateSequential(FindOps.java:152)
at java.util.stream.AbstractPipeline.evaluate(AbstractPipeline.java:234)
at java.util.stream.ReferencePipeline.findFirst(ReferencePipeline.java:464)
at org.openqa.selenium.remote.ProtocolHandshake.createSession(ProtocolHandshake.java:368)
at org.openqa.selenium.remote.ProtocolHandshake.createSession(ProtocolHandshake.java:159)
at org.openqa.selenium.remote.HttpCommandExecutor.execute(HttpCommandExecutor.java:142)
at org.openqa.selenium.remote.service.DriverCommandExecutor.execute(DriverCommandExecutor.java:82)
at org.openqa.selenium.remote.RemoteWebDriver.execute(RemoteWebDriver.java:637)
at org.openqa.selenium.remote.RemoteWebDriver.startSession(RemoteWebDriver.java:250)
at org.openqa.selenium.remote.RemoteWebDriver.startSession(RemoteWebDriver.java:236)
at org.openqa.selenium.remote.RemoteWebDriver.<init>(RemoteWebDriver.java:137)
at org.openqa.selenium.chrome.ChromeDriver.<init>(ChromeDriver.java:184)
at org.openqa.selenium.chrome.ChromeDriver.<init>(ChromeDriver.java:148)
at aria.testframework.util.Driver.setDriver(Driver.java:104)
at aria.testframework.businessprocess.GBusinessProcess.aperturaBrowser(GBusinessProcess.java:260)
at aria.testframework.businessprocess.GBusinessProcess.beforeMethod(GBusinessProcess.java:106)
... Removed 32 stack frames]]>
    </failure>
  </testcase> <!-- @BeforeMethod beforeMethod -->
  <testcase name="@AfterMethod afterMethod" time="0.0" classname="aria.testframework.businessprocess.GBusinessProcess">
    <skipped/>
  </testcase> <!-- @AfterMethod afterMethod -->
  <testcase name="@BeforeMethod beforeMethod" time="0.0" classname="aria.testframework.businessprocess.GBusinessProcess">
    <skipped/>
  </testcase> <!-- @BeforeMethod beforeMethod -->
  <testcase name="@AfterMethod afterMethod" time="0.0" classname="aria.testframework.businessprocess.GBusinessProcess">
    <skipped/>
  </testcase> <!-- @AfterMethod afterMethod -->
  <testcase name="@BeforeMethod beforeMethod" time="0.0" classname="aria.testframework.businessprocess.GBusinessProcess">
    <skipped/>
  </testcase> <!-- @BeforeMethod beforeMethod -->
  <testcase name="@AfterMethod afterMethod" time="0.0" classname="aria.testframework.businessprocess.GBusinessProcess">
    <skipped/>
  </testcase> <!-- @AfterMethod afterMethod -->
  <testcase name="@AfterTest afterTest" time="0.0" classname="aria.testframework.businessprocess.GBusinessProcess">
    <skipped/>
  </testcase> <!-- @AfterTest afterTest -->
  <testcase name="exec" time="0.0" classname="aria.testframework.businessprocess.GBusinessProcess">
    <skipped/>
  </testcase> <!-- exec -->
  <testcase name="exec" time="0.0" classname="aria.testframework.businessprocess.GBusinessProcess">
    <skipped/>
  </testcase> <!-- exec -->
  <testcase name="exec" time="0.0" classname="aria.testframework.businessprocess.GBusinessProcess">
    <skipped/>
  </testcase> <!-- exec -->
</testsuite> <!-- chrome1 -->
