<!DOCTYPE html PUBLIC "-//W3C//DTD XHTML 1.1//EN" "http://www.w3.org/TR/xhtml11/DTD/xhtml11.dtd">
<html xmlns="http://www.w3.org/1999/xhtml">
<head>
<meta http-equiv="content-type" content="text/html; charset=UTF-8"/>
<title>TestNG Report</title>
<style type="text/css">table {margin-bottom:10px;border-collapse:collapse;empty-cells:show}th,td {border:1px solid #009;padding:.25em .5em}th {vertical-align:bottom}td {vertical-align:top}table a {font-weight:bold}.stripe td {background-color: #E6EBF9}.num {text-align:right}.passedodd td {background-color: #3F3}.passedeven td {background-color: #0A0}.skippedodd td {background-color: #DDD}.skippedeven td {background-color: #CCC}.failedodd td,.attn {background-color: #F33}.failedeven td,.stripe .attn {background-color: #D00}.stacktrace {white-space:pre;font-family:monospace}.totop {font-size:85%;text-align:center;border-bottom:2px solid #000}.invisible {display:none}</style>
</head>
<body>
<table>
<tr><th>Test</th><th># Passed</th><th># Skipped</th><th># Failed</th><th>Time (ms)</th><th>Included Groups</th><th>Excluded Groups</th></tr>
<tr><th colspan="7">20170801-120912-POLARION</th></tr>
<tr><td><a href="#t0">chrome1</a></td><td class="num">0</td><td class="num attn">3</td><td class="num">0</td><td class="num">4.267</td><td></td><td></td></tr>
</table>
<table id='summary'><thead><tr><th>Class</th><th>Method</th><th>Start</th><th>Time (ms)</th></tr></thead><tbody><tr><th colspan="4">20170801-120912-POLARION</th></tr></tbody><tbody id="t0"><tr><th colspan="4">chrome1 &#8212; failed (configuration methods)</th></tr><tr class="failedeven"><td rowspan="1">aria.testframework.businessprocess.GBusinessProcess</td><td><a href="#m0">beforeMethod</a></td><td rowspan="1">1590760926639</td><td rowspan="1">3223</td></tr><tr><th colspan="4">chrome1 &#8212; skipped (configuration methods)</th></tr><tr class="skippedeven"><td rowspan="6">aria.testframework.businessprocess.GBusinessProcess</td><td><a href="#m1">afterMethod</a></td><td rowspan="3">1590760929883</td><td rowspan="3">0</td></tr><tr class="skippedeven"><td><a href="#m2">afterMethod</a></td></tr><tr class="skippedeven"><td><a href="#m3">afterMethod</a></td></tr><tr class="skippedeven"><td><a href="#m4">afterTest</a></td><td rowspan="1">1590760929883</td><td rowspan="1">0</td></tr><tr class="skippedeven"><td><a href="#m5">beforeMethod</a></td><td rowspan="2">1590760929872</td><td rowspan="2">0</td></tr><tr class="skippedeven"><td><a href="#m6">beforeMethod</a></td></tr><tr><th colspan="4">chrome1 &#8212; skipped</th></tr><tr class="skippedeven"><td rowspan="3">aria.testframework.businessprocess.GBusinessProcess</td><td><a href="#m7">exec</a></td><td rowspan="3">1590760929862</td><td rowspan="3">0</td></tr><tr class="skippedeven"><td><a href="#m8">exec</a></td></tr><tr class="skippedeven"><td><a href="#m9">exec</a></td></tr></tbody>
</table>
<h2>chrome1</h2><h3 id="m0">aria.testframework.businessprocess.GBusinessProcess#beforeMethod</h3><table class="result"><tr><th>Messages</th></tr><tr><td><div class="messages"><br>INFO - File: C:\TSEL\TEST_SAMPLE\sqa-TEST_SAMPLE-selenium-webdriver-test\src\main\resources\doc\report_generic.xls exists, file length: 13312<br/><br>INFO - ***Apertura Browser<br/><br>INFO - Apertura driver browser: chrome<br/><br>INFO - Desired Capabilities: chrome<br/>Completed executing following method : GBusinessProcess.beforeMethod</div></td></tr><tr><th>Exception</th></tr><tr><td><div class="stacktrace">org.openqa.selenium.SessionNotCreatedException: session not created: This version of ChromeDriver only supports Chrome version 79
Build info: version: &apos;3.4.0&apos;, revision: &apos;unknown&apos;, time: &apos;unknown&apos;
System info: host: &apos;CNEGRONEW2&apos;, ip: &apos;10.240.103.158&apos;, os.name: &apos;Windows 7&apos;, os.arch: &apos;amd64&apos;, os.version: &apos;6.1&apos;, java.version: &apos;1.8.0_181&apos;
Driver info: driver.version: Driver
remote stacktrace: Backtrace:
	Ordinal0 [0x0025A113+1548563]
	Ordinal0 [0x001DDDA1+1039777]
	Ordinal0 [0x0015E485+517253]
	Ordinal0 [0x000EFD34+64820]
	Ordinal0 [0x000EC61E+50718]
	Ordinal0 [0x0010B797+178071]
	Ordinal0 [0x0010B59D+177565]
	Ordinal0 [0x001095FB+169467]
	Ordinal0 [0x000F160A+71178]
	Ordinal0 [0x000F2690+75408]
	Ordinal0 [0x000F2629+75305]
	Ordinal0 [0x001F71B7+1143223]
	GetHandleVerifier [0x002F2B46+507814]
	GetHandleVerifier [0x002F2864+507076]
	GetHandleVerifier [0x002F9F47+537511]
	GetHandleVerifier [0x002F3402+510050]
	Ordinal0 [0x001EF29C+1110684]
	Ordinal0 [0x001F938B+1151883]
	Ordinal0 [0x001F94F3+1152243]
	Ordinal0 [0x001F83F5+1147893]
	BaseThreadInitThunk [0x75FF343D+18]
	RtlInitializeExceptionChain [0x77B09812+99]
	RtlInitializeExceptionChain [0x77B097E5+54]

	at org.openqa.selenium.remote.W3CHandshakeResponse.lambda$new$0(W3CHandshakeResponse.java:57)
	at org.openqa.selenium.remote.W3CHandshakeResponse.lambda$getResponseFunction$2(W3CHandshakeResponse.java:104)
	at org.openqa.selenium.remote.ProtocolHandshake.lambda$createSession$22(ProtocolHandshake.java:365)
	at java.util.stream.ReferencePipeline$3$1.accept(ReferencePipeline.java:193)
	at java.util.Spliterators$ArraySpliterator.tryAdvance(Spliterators.java:958)
	at java.util.stream.ReferencePipeline.forEachWithCancel(ReferencePipeline.java:126)
	at java.util.stream.AbstractPipeline.copyIntoWithCancel(AbstractPipeline.java:498)
	at java.util.stream.AbstractPipeline.copyInto(AbstractPipeline.java:485)
	at java.util.stream.AbstractPipeline.wrapAndCopyInto(AbstractPipeline.java:471)
	at java.util.stream.FindOps$FindOp.evaluateSequential(FindOps.java:152)
	at java.util.stream.AbstractPipeline.evaluate(AbstractPipeline.java:234)
	at java.util.stream.ReferencePipeline.findFirst(ReferencePipeline.java:464)
	at org.openqa.selenium.remote.ProtocolHandshake.createSession(ProtocolHandshake.java:368)
	at org.openqa.selenium.remote.ProtocolHandshake.createSession(ProtocolHandshake.java:159)
	at org.openqa.selenium.remote.HttpCommandExecutor.execute(HttpCommandExecutor.java:142)
	at org.openqa.selenium.remote.service.DriverCommandExecutor.execute(DriverCommandExecutor.java:82)
	at org.openqa.selenium.remote.RemoteWebDriver.execute(RemoteWebDriver.java:637)
	at org.openqa.selenium.remote.RemoteWebDriver.startSession(RemoteWebDriver.java:250)
	at org.openqa.selenium.remote.RemoteWebDriver.startSession(RemoteWebDriver.java:236)
	at org.openqa.selenium.remote.RemoteWebDriver.&lt;init&gt;(RemoteWebDriver.java:137)
	at org.openqa.selenium.chrome.ChromeDriver.&lt;init&gt;(ChromeDriver.java:184)
	at org.openqa.selenium.chrome.ChromeDriver.&lt;init&gt;(ChromeDriver.java:148)
	at aria.testframework.util.Driver.setDriver(Driver.java:104)
	at aria.testframework.businessprocess.GBusinessProcess.aperturaBrowser(GBusinessProcess.java:260)
	at aria.testframework.businessprocess.GBusinessProcess.beforeMethod(GBusinessProcess.java:106)
... Removed 32 stack frames</div></td></tr></table><p class="totop"><a href="#summary">back to summary</a></p>
<h3 id="m1">aria.testframework.businessprocess.GBusinessProcess#afterMethod</h3><table class="result"><tr><th class="invisible"/></tr></table><p class="totop"><a href="#summary">back to summary</a></p>
<h3 id="m2">aria.testframework.businessprocess.GBusinessProcess#afterMethod</h3><table class="result"><tr><th class="invisible"/></tr></table><p class="totop"><a href="#summary">back to summary</a></p>
<h3 id="m3">aria.testframework.businessprocess.GBusinessProcess#afterMethod</h3><table class="result"><tr><th class="invisible"/></tr></table><p class="totop"><a href="#summary">back to summary</a></p>
<h3 id="m4">aria.testframework.businessprocess.GBusinessProcess#afterTest</h3><table class="result"><tr><th class="invisible"/></tr></table><p class="totop"><a href="#summary">back to summary</a></p>
<h3 id="m5">aria.testframework.businessprocess.GBusinessProcess#beforeMethod</h3><table class="result"><tr><th class="invisible"/></tr></table><p class="totop"><a href="#summary">back to summary</a></p>
<h3 id="m6">aria.testframework.businessprocess.GBusinessProcess#beforeMethod</h3><table class="result"><tr><th class="invisible"/></tr></table><p class="totop"><a href="#summary">back to summary</a></p>
<h3 id="m7">aria.testframework.businessprocess.GBusinessProcess#exec</h3><table class="result"><tr><th>Messages</th></tr><tr><td><div class="messages">Test Method resides in aria.testframework.businessprocess.GBusinessProcess<br/>Test Status: Skipped<br/>About to begin executing following method : GBusinessProcess.exec<br/>Completed executing following method : GBusinessProcess.exec</div></td></tr><tr><th>Exception</th></tr><tr><td><div class="stacktrace">org.openqa.selenium.SessionNotCreatedException: session not created: This version of ChromeDriver only supports Chrome version 79
Build info: version: &apos;3.4.0&apos;, revision: &apos;unknown&apos;, time: &apos;unknown&apos;
System info: host: &apos;CNEGRONEW2&apos;, ip: &apos;10.240.103.158&apos;, os.name: &apos;Windows 7&apos;, os.arch: &apos;amd64&apos;, os.version: &apos;6.1&apos;, java.version: &apos;1.8.0_181&apos;
Driver info: driver.version: Driver
remote stacktrace: Backtrace:
	Ordinal0 [0x0025A113+1548563]
	Ordinal0 [0x001DDDA1+1039777]
	Ordinal0 [0x0015E485+517253]
	Ordinal0 [0x000EFD34+64820]
	Ordinal0 [0x000EC61E+50718]
	Ordinal0 [0x0010B797+178071]
	Ordinal0 [0x0010B59D+177565]
	Ordinal0 [0x001095FB+169467]
	Ordinal0 [0x000F160A+71178]
	Ordinal0 [0x000F2690+75408]
	Ordinal0 [0x000F2629+75305]
	Ordinal0 [0x001F71B7+1143223]
	GetHandleVerifier [0x002F2B46+507814]
	GetHandleVerifier [0x002F2864+507076]
	GetHandleVerifier [0x002F9F47+537511]
	GetHandleVerifier [0x002F3402+510050]
	Ordinal0 [0x001EF29C+1110684]
	Ordinal0 [0x001F938B+1151883]
	Ordinal0 [0x001F94F3+1152243]
	Ordinal0 [0x001F83F5+1147893]
	BaseThreadInitThunk [0x75FF343D+18]
	RtlInitializeExceptionChain [0x77B09812+99]
	RtlInitializeExceptionChain [0x77B097E5+54]

	at org.openqa.selenium.remote.W3CHandshakeResponse.lambda$new$0(W3CHandshakeResponse.java:57)
	at org.openqa.selenium.remote.W3CHandshakeResponse.lambda$getResponseFunction$2(W3CHandshakeResponse.java:104)
	at org.openqa.selenium.remote.ProtocolHandshake.lambda$createSession$22(ProtocolHandshake.java:365)
	at java.util.stream.ReferencePipeline$3$1.accept(ReferencePipeline.java:193)
	at java.util.Spliterators$ArraySpliterator.tryAdvance(Spliterators.java:958)
	at java.util.stream.ReferencePipeline.forEachWithCancel(ReferencePipeline.java:126)
	at java.util.stream.AbstractPipeline.copyIntoWithCancel(AbstractPipeline.java:498)
	at java.util.stream.AbstractPipeline.copyInto(AbstractPipeline.java:485)
	at java.util.stream.AbstractPipeline.wrapAndCopyInto(AbstractPipeline.java:471)
	at java.util.stream.FindOps$FindOp.evaluateSequential(FindOps.java:152)
	at java.util.stream.AbstractPipeline.evaluate(AbstractPipeline.java:234)
	at java.util.stream.ReferencePipeline.findFirst(ReferencePipeline.java:464)
	at org.openqa.selenium.remote.ProtocolHandshake.createSession(ProtocolHandshake.java:368)
	at org.openqa.selenium.remote.ProtocolHandshake.createSession(ProtocolHandshake.java:159)
	at org.openqa.selenium.remote.HttpCommandExecutor.execute(HttpCommandExecutor.java:142)
	at org.openqa.selenium.remote.service.DriverCommandExecutor.execute(DriverCommandExecutor.java:82)
	at org.openqa.selenium.remote.RemoteWebDriver.execute(RemoteWebDriver.java:637)
	at org.openqa.selenium.remote.RemoteWebDriver.startSession(RemoteWebDriver.java:250)
	at org.openqa.selenium.remote.RemoteWebDriver.startSession(RemoteWebDriver.java:236)
	at org.openqa.selenium.remote.RemoteWebDriver.&lt;init&gt;(RemoteWebDriver.java:137)
	at org.openqa.selenium.chrome.ChromeDriver.&lt;init&gt;(ChromeDriver.java:184)
	at org.openqa.selenium.chrome.ChromeDriver.&lt;init&gt;(ChromeDriver.java:148)
	at aria.testframework.util.Driver.setDriver(Driver.java:104)
	at aria.testframework.businessprocess.GBusinessProcess.aperturaBrowser(GBusinessProcess.java:260)
	at aria.testframework.businessprocess.GBusinessProcess.beforeMethod(GBusinessProcess.java:106)
... Removed 32 stack frames</div></td></tr></table><p class="totop"><a href="#summary">back to summary</a></p>
<h3 id="m8">aria.testframework.businessprocess.GBusinessProcess#exec</h3><table class="result"><tr><th>Messages</th></tr><tr><td><div class="messages">Test Method resides in aria.testframework.businessprocess.GBusinessProcess<br/>Test Status: Skipped<br/>About to begin executing following method : GBusinessProcess.exec<br/>Completed executing following method : GBusinessProcess.exec</div></td></tr><tr><th>Exception</th></tr><tr><td><div class="stacktrace">org.openqa.selenium.SessionNotCreatedException: session not created: This version of ChromeDriver only supports Chrome version 79
Build info: version: &apos;3.4.0&apos;, revision: &apos;unknown&apos;, time: &apos;unknown&apos;
System info: host: &apos;CNEGRONEW2&apos;, ip: &apos;10.240.103.158&apos;, os.name: &apos;Windows 7&apos;, os.arch: &apos;amd64&apos;, os.version: &apos;6.1&apos;, java.version: &apos;1.8.0_181&apos;
Driver info: driver.version: Driver
remote stacktrace: Backtrace:
	Ordinal0 [0x0025A113+1548563]
	Ordinal0 [0x001DDDA1+1039777]
	Ordinal0 [0x0015E485+517253]
	Ordinal0 [0x000EFD34+64820]
	Ordinal0 [0x000EC61E+50718]
	Ordinal0 [0x0010B797+178071]
	Ordinal0 [0x0010B59D+177565]
	Ordinal0 [0x001095FB+169467]
	Ordinal0 [0x000F160A+71178]
	Ordinal0 [0x000F2690+75408]
	Ordinal0 [0x000F2629+75305]
	Ordinal0 [0x001F71B7+1143223]
	GetHandleVerifier [0x002F2B46+507814]
	GetHandleVerifier [0x002F2864+507076]
	GetHandleVerifier [0x002F9F47+537511]
	GetHandleVerifier [0x002F3402+510050]
	Ordinal0 [0x001EF29C+1110684]
	Ordinal0 [0x001F938B+1151883]
	Ordinal0 [0x001F94F3+1152243]
	Ordinal0 [0x001F83F5+1147893]
	BaseThreadInitThunk [0x75FF343D+18]
	RtlInitializeExceptionChain [0x77B09812+99]
	RtlInitializeExceptionChain [0x77B097E5+54]

	at org.openqa.selenium.remote.W3CHandshakeResponse.lambda$new$0(W3CHandshakeResponse.java:57)
	at org.openqa.selenium.remote.W3CHandshakeResponse.lambda$getResponseFunction$2(W3CHandshakeResponse.java:104)
	at org.openqa.selenium.remote.ProtocolHandshake.lambda$createSession$22(ProtocolHandshake.java:365)
	at java.util.stream.ReferencePipeline$3$1.accept(ReferencePipeline.java:193)
	at java.util.Spliterators$ArraySpliterator.tryAdvance(Spliterators.java:958)
	at java.util.stream.ReferencePipeline.forEachWithCancel(ReferencePipeline.java:126)
	at java.util.stream.AbstractPipeline.copyIntoWithCancel(AbstractPipeline.java:498)
	at java.util.stream.AbstractPipeline.copyInto(AbstractPipeline.java:485)
	at java.util.stream.AbstractPipeline.wrapAndCopyInto(AbstractPipeline.java:471)
	at java.util.stream.FindOps$FindOp.evaluateSequential(FindOps.java:152)
	at java.util.stream.AbstractPipeline.evaluate(AbstractPipeline.java:234)
	at java.util.stream.ReferencePipeline.findFirst(ReferencePipeline.java:464)
	at org.openqa.selenium.remote.ProtocolHandshake.createSession(ProtocolHandshake.java:368)
	at org.openqa.selenium.remote.ProtocolHandshake.createSession(ProtocolHandshake.java:159)
	at org.openqa.selenium.remote.HttpCommandExecutor.execute(HttpCommandExecutor.java:142)
	at org.openqa.selenium.remote.service.DriverCommandExecutor.execute(DriverCommandExecutor.java:82)
	at org.openqa.selenium.remote.RemoteWebDriver.execute(RemoteWebDriver.java:637)
	at org.openqa.selenium.remote.RemoteWebDriver.startSession(RemoteWebDriver.java:250)
	at org.openqa.selenium.remote.RemoteWebDriver.startSession(RemoteWebDriver.java:236)
	at org.openqa.selenium.remote.RemoteWebDriver.&lt;init&gt;(RemoteWebDriver.java:137)
	at org.openqa.selenium.chrome.ChromeDriver.&lt;init&gt;(ChromeDriver.java:184)
	at org.openqa.selenium.chrome.ChromeDriver.&lt;init&gt;(ChromeDriver.java:148)
	at aria.testframework.util.Driver.setDriver(Driver.java:104)
	at aria.testframework.businessprocess.GBusinessProcess.aperturaBrowser(GBusinessProcess.java:260)
	at aria.testframework.businessprocess.GBusinessProcess.beforeMethod(GBusinessProcess.java:106)
... Removed 32 stack frames</div></td></tr></table><p class="totop"><a href="#summary">back to summary</a></p>
<h3 id="m9">aria.testframework.businessprocess.GBusinessProcess#exec</h3><table class="result"><tr><th>Messages</th></tr><tr><td><div class="messages">Test Method resides in aria.testframework.businessprocess.GBusinessProcess<br/>Test Status: Skipped<br/>About to begin executing following method : GBusinessProcess.exec<br/>Completed executing following method : GBusinessProcess.exec<br/>Completed executing test chrome1<br/>About to end executing Suite 20170801-120912-POLARION</div></td></tr><tr><th>Exception</th></tr><tr><td><div class="stacktrace">org.openqa.selenium.SessionNotCreatedException: session not created: This version of ChromeDriver only supports Chrome version 79
Build info: version: &apos;3.4.0&apos;, revision: &apos;unknown&apos;, time: &apos;unknown&apos;
System info: host: &apos;CNEGRONEW2&apos;, ip: &apos;10.240.103.158&apos;, os.name: &apos;Windows 7&apos;, os.arch: &apos;amd64&apos;, os.version: &apos;6.1&apos;, java.version: &apos;1.8.0_181&apos;
Driver info: driver.version: Driver
remote stacktrace: Backtrace:
	Ordinal0 [0x0025A113+1548563]
	Ordinal0 [0x001DDDA1+1039777]
	Ordinal0 [0x0015E485+517253]
	Ordinal0 [0x000EFD34+64820]
	Ordinal0 [0x000EC61E+50718]
	Ordinal0 [0x0010B797+178071]
	Ordinal0 [0x0010B59D+177565]
	Ordinal0 [0x001095FB+169467]
	Ordinal0 [0x000F160A+71178]
	Ordinal0 [0x000F2690+75408]
	Ordinal0 [0x000F2629+75305]
	Ordinal0 [0x001F71B7+1143223]
	GetHandleVerifier [0x002F2B46+507814]
	GetHandleVerifier [0x002F2864+507076]
	GetHandleVerifier [0x002F9F47+537511]
	GetHandleVerifier [0x002F3402+510050]
	Ordinal0 [0x001EF29C+1110684]
	Ordinal0 [0x001F938B+1151883]
	Ordinal0 [0x001F94F3+1152243]
	Ordinal0 [0x001F83F5+1147893]
	BaseThreadInitThunk [0x75FF343D+18]
	RtlInitializeExceptionChain [0x77B09812+99]
	RtlInitializeExceptionChain [0x77B097E5+54]

	at org.openqa.selenium.remote.W3CHandshakeResponse.lambda$new$0(W3CHandshakeResponse.java:57)
	at org.openqa.selenium.remote.W3CHandshakeResponse.lambda$getResponseFunction$2(W3CHandshakeResponse.java:104)
	at org.openqa.selenium.remote.ProtocolHandshake.lambda$createSession$22(ProtocolHandshake.java:365)
	at java.util.stream.ReferencePipeline$3$1.accept(ReferencePipeline.java:193)
	at java.util.Spliterators$ArraySpliterator.tryAdvance(Spliterators.java:958)
	at java.util.stream.ReferencePipeline.forEachWithCancel(ReferencePipeline.java:126)
	at java.util.stream.AbstractPipeline.copyIntoWithCancel(AbstractPipeline.java:498)
	at java.util.stream.AbstractPipeline.copyInto(AbstractPipeline.java:485)
	at java.util.stream.AbstractPipeline.wrapAndCopyInto(AbstractPipeline.java:471)
	at java.util.stream.FindOps$FindOp.evaluateSequential(FindOps.java:152)
	at java.util.stream.AbstractPipeline.evaluate(AbstractPipeline.java:234)
	at java.util.stream.ReferencePipeline.findFirst(ReferencePipeline.java:464)
	at org.openqa.selenium.remote.ProtocolHandshake.createSession(ProtocolHandshake.java:368)
	at org.openqa.selenium.remote.ProtocolHandshake.createSession(ProtocolHandshake.java:159)
	at org.openqa.selenium.remote.HttpCommandExecutor.execute(HttpCommandExecutor.java:142)
	at org.openqa.selenium.remote.service.DriverCommandExecutor.execute(DriverCommandExecutor.java:82)
	at org.openqa.selenium.remote.RemoteWebDriver.execute(RemoteWebDriver.java:637)
	at org.openqa.selenium.remote.RemoteWebDriver.startSession(RemoteWebDriver.java:250)
	at org.openqa.selenium.remote.RemoteWebDriver.startSession(RemoteWebDriver.java:236)
	at org.openqa.selenium.remote.RemoteWebDriver.&lt;init&gt;(RemoteWebDriver.java:137)
	at org.openqa.selenium.chrome.ChromeDriver.&lt;init&gt;(ChromeDriver.java:184)
	at org.openqa.selenium.chrome.ChromeDriver.&lt;init&gt;(ChromeDriver.java:148)
	at aria.testframework.util.Driver.setDriver(Driver.java:104)
	at aria.testframework.businessprocess.GBusinessProcess.aperturaBrowser(GBusinessProcess.java:260)
	at aria.testframework.businessprocess.GBusinessProcess.beforeMethod(GBusinessProcess.java:106)
... Removed 32 stack frames</div></td></tr></table><p class="totop"><a href="#summary">back to summary</a></p>
</body>
</html>
