<!DOCTYPE html>

<html>
  <head>
  <meta charset='utf-8'>
  <title>TestNG reports</title>

    <link type="text/css" href="testng-reports.css" rel="stylesheet" />
    <script type="text/javascript" src="jquery-1.7.1.min.js"></script>
    <script type="text/javascript" src="testng-reports.js"></script>
    <script type="text/javascript" src="https://www.google.com/jsapi"></script>
    <script type='text/javascript'>
      google.load('visualization', '1', {packages:['table']});
      google.setOnLoadCallback(drawTable);
      var suiteTableInitFunctions = new Array();
      var suiteTableData = new Array();
    </script>
    <!--
      <script type="text/javascript" src="jquery-ui/js/jquery-ui-1.8.16.custom.min.js"></script>
     -->
  </head>

  <body>
    <div class="top-banner-root">
      <span class="top-banner-title-font">Test results</span>
      <br/>
      <span class="top-banner-font-1">1 suite</span>
    </div> <!-- top-banner-root -->
    <div class="navigator-root">
      <div class="navigator-suite-header">
        <span>All suites</span>
        <a href="#" class="collapse-all-link" title="Collapse/expand all the suites">
          <img class="collapse-all-icon" src="collapseall.gif">
          </img> <!-- collapse-all-icon -->
        </a> <!-- collapse-all-link -->
      </div> <!-- navigator-suite-header -->
      <div class="suite">
        <div class="rounded-window">
          <div class="suite-header light-rounded-window-top">
            <a href="#" class="navigator-link" panel-name="suite-20170801-120912-POLARION">
              <span class="suite-name border-skipped">20170801-120912-POLARION</span>
            </a> <!-- navigator-link -->
          </div> <!-- suite-header light-rounded-window-top -->
          <div class="navigator-suite-content">
            <div class="suite-section-title">
              <span>Info</span>
            </div> <!-- suite-section-title -->
            <div class="suite-section-content">
              <ul>
                <li>
                  <a href="#" class="navigator-link " panel-name="test-xml-20170801-120912-POLARION">
                    <span>C:\TSEL\TEST_SAMPLE\sqa-TEST_SAMPLE-selenium-webdriver-test\src\main\resources\suites\GBusinessProcess.xml</span>
                  </a> <!-- navigator-link  -->
                </li>
                <li>
                  <a href="#" class="navigator-link " panel-name="testlist-20170801-120912-POLARION">
                    <span class="test-stats">1 test</span>
                  </a> <!-- navigator-link  -->
                </li>
                <li>
                  <a href="#" class="navigator-link " panel-name="group-20170801-120912-POLARION">
                    <span>0 groups</span>
                  </a> <!-- navigator-link  -->
                </li>
                <li>
                  <a href="#" class="navigator-link " panel-name="times-20170801-120912-POLARION">
                    <span>Times</span>
                  </a> <!-- navigator-link  -->
                </li>
                <li>
                  <a href="#" class="navigator-link " panel-name="reporter-20170801-120912-POLARION">
                    <span>Reporter output</span>
                  </a> <!-- navigator-link  -->
                </li>
                <li>
                  <a href="#" class="navigator-link " panel-name="ignored-methods-20170801-120912-POLARION">
                    <span>Ignored methods</span>
                  </a> <!-- navigator-link  -->
                </li>
                <li>
                  <a href="#" class="navigator-link " panel-name="chronological-20170801-120912-POLARION">
                    <span>Chronological view</span>
                  </a> <!-- navigator-link  -->
                </li>
              </ul>
            </div> <!-- suite-section-content -->
            <div class="result-section">
              <div class="suite-section-title">
                <span>Results</span>
              </div> <!-- suite-section-title -->
              <div class="suite-section-content">
                <ul>
                  <li>
                    <span class="method-stats">3 methods,  3 skipped,  </span>
                  </li>
                  <li>
                    <span class="method-list-title skipped">Skipped methods</span>
                    <span class="show-or-hide-methods skipped">
                      <a href="#" panel-name="suite-20170801-120912-POLARION" class="hide-methods skipped suite-20170801-120912-POLARION"> (hide)</a> <!-- hide-methods skipped suite-20170801-120912-POLARION -->
                      <a href="#" panel-name="suite-20170801-120912-POLARION" class="show-methods skipped suite-20170801-120912-POLARION"> (show)</a> <!-- show-methods skipped suite-20170801-120912-POLARION -->
                    </span>
                    <div class="method-list-content skipped suite-20170801-120912-POLARION">
                      <span>
                        <img width="3%" src="skipped.png"/>
                        <a href="#" class="method navigator-link" panel-name="suite-20170801-120912-POLARION" title="aria.testframework.businessprocess.GBusinessProcess" hash-for-method="exec">exec</a> <!-- method navigator-link -->
                      </span>
                      <br/>
                      <span>
                        <img width="3%" src="skipped.png"/>
                        <a href="#" class="method navigator-link" panel-name="suite-20170801-120912-POLARION" title="aria.testframework.businessprocess.GBusinessProcess" hash-for-method="exec">exec</a> <!-- method navigator-link -->
                      </span>
                      <br/>
                      <span>
                        <img width="3%" src="skipped.png"/>
                        <a href="#" class="method navigator-link" panel-name="suite-20170801-120912-POLARION" title="aria.testframework.businessprocess.GBusinessProcess" hash-for-method="exec">exec</a> <!-- method navigator-link -->
                      </span>
                      <br/>
                    </div> <!-- method-list-content skipped suite-20170801-120912-POLARION -->
                  </li>
                </ul>
              </div> <!-- suite-section-content -->
            </div> <!-- result-section -->
          </div> <!-- navigator-suite-content -->
        </div> <!-- rounded-window -->
      </div> <!-- suite -->
    </div> <!-- navigator-root -->
    <div class="wrapper">
      <div class="main-panel-root">
        <div panel-name="suite-20170801-120912-POLARION" class="panel 20170801-120912-POLARION">
          <div class="suite-20170801-120912-POLARION-class-skipped">
            <div class="main-panel-header rounded-window-top">
              <img src="skipped.png"/>
              <span class="class-name">aria.testframework.businessprocess.GBusinessProcess</span>
            </div> <!-- main-panel-header rounded-window-top -->
            <div class="main-panel-content rounded-window-bottom">
              <div class="method">
                <div class="method-content">
                  <a name="exec">
                  </a> <!-- exec -->
                  <span class="method-name">exec</span>
                  <div class="stack-trace">org.openqa.selenium.SessionNotCreatedException: session not created: This version of ChromeDriver only supports Chrome version 79
Build info: version: &apos;3.4.0&apos;, revision: &apos;unknown&apos;, time: &apos;unknown&apos;
System info: host: &apos;CNEGRONEW2&apos;, ip: &apos;10.240.103.158&apos;, os.name: &apos;Windows 7&apos;, os.arch: &apos;amd64&apos;, os.version: &apos;6.1&apos;, java.version: &apos;1.8.0_181&apos;
Driver info: driver.version: Driver
remote stacktrace: Backtrace:
	Ordinal0 [0x0025A113+1548563]
	Ordinal0 [0x001DDDA1+1039777]
	Ordinal0 [0x0015E485+517253]
	Ordinal0 [0x000EFD34+64820]
	Ordinal0 [0x000EC61E+50718]
	Ordinal0 [0x0010B797+178071]
	Ordinal0 [0x0010B59D+177565]
	Ordinal0 [0x001095FB+169467]
	Ordinal0 [0x000F160A+71178]
	Ordinal0 [0x000F2690+75408]
	Ordinal0 [0x000F2629+75305]
	Ordinal0 [0x001F71B7+1143223]
	GetHandleVerifier [0x002F2B46+507814]
	GetHandleVerifier [0x002F2864+507076]
	GetHandleVerifier [0x002F9F47+537511]
	GetHandleVerifier [0x002F3402+510050]
	Ordinal0 [0x001EF29C+1110684]
	Ordinal0 [0x001F938B+1151883]
	Ordinal0 [0x001F94F3+1152243]
	Ordinal0 [0x001F83F5+1147893]
	BaseThreadInitThunk [0x75FF343D+18]
	RtlInitializeExceptionChain [0x77B09812+99]
	RtlInitializeExceptionChain [0x77B097E5+54]

	at org.openqa.selenium.remote.W3CHandshakeResponse.lambda$new$0(W3CHandshakeResponse.java:57)
	at org.openqa.selenium.remote.W3CHandshakeResponse.lambda$getResponseFunction$2(W3CHandshakeResponse.java:104)
	at org.openqa.selenium.remote.ProtocolHandshake.lambda$createSession$22(ProtocolHandshake.java:365)
	at java.util.stream.ReferencePipeline$3$1.accept(ReferencePipeline.java:193)
	at java.util.Spliterators$ArraySpliterator.tryAdvance(Spliterators.java:958)
	at java.util.stream.ReferencePipeline.forEachWithCancel(ReferencePipeline.java:126)
	at java.util.stream.AbstractPipeline.copyIntoWithCancel(AbstractPipeline.java:498)
	at java.util.stream.AbstractPipeline.copyInto(AbstractPipeline.java:485)
	at java.util.stream.AbstractPipeline.wrapAndCopyInto(AbstractPipeline.java:471)
	at java.util.stream.FindOps$FindOp.evaluateSequential(FindOps.java:152)
	at java.util.stream.AbstractPipeline.evaluate(AbstractPipeline.java:234)
	at java.util.stream.ReferencePipeline.findFirst(ReferencePipeline.java:464)
	at org.openqa.selenium.remote.ProtocolHandshake.createSession(ProtocolHandshake.java:368)
	at org.openqa.selenium.remote.ProtocolHandshake.createSession(ProtocolHandshake.java:159)
	at org.openqa.selenium.remote.HttpCommandExecutor.execute(HttpCommandExecutor.java:142)
	at org.openqa.selenium.remote.service.DriverCommandExecutor.execute(DriverCommandExecutor.java:82)
	at org.openqa.selenium.remote.RemoteWebDriver.execute(RemoteWebDriver.java:637)
	at org.openqa.selenium.remote.RemoteWebDriver.startSession(RemoteWebDriver.java:250)
	at org.openqa.selenium.remote.RemoteWebDriver.startSession(RemoteWebDriver.java:236)
	at org.openqa.selenium.remote.RemoteWebDriver.&lt;init&gt;(RemoteWebDriver.java:137)
	at org.openqa.selenium.chrome.ChromeDriver.&lt;init&gt;(ChromeDriver.java:184)
	at org.openqa.selenium.chrome.ChromeDriver.&lt;init&gt;(ChromeDriver.java:148)
	at aria.testframework.util.Driver.setDriver(Driver.java:104)
	at aria.testframework.businessprocess.GBusinessProcess.aperturaBrowser(GBusinessProcess.java:260)
	at aria.testframework.businessprocess.GBusinessProcess.beforeMethod(GBusinessProcess.java:106)
... Removed 32 stack frames
</div> <!-- stack-trace -->
                </div> <!-- method-content -->
              </div> <!-- method -->
              <div class="method">
                <div class="method-content">
                  <a name="exec">
                  </a> <!-- exec -->
                  <span class="method-name">exec</span>
                  <div class="stack-trace">org.openqa.selenium.SessionNotCreatedException: session not created: This version of ChromeDriver only supports Chrome version 79
Build info: version: &apos;3.4.0&apos;, revision: &apos;unknown&apos;, time: &apos;unknown&apos;
System info: host: &apos;CNEGRONEW2&apos;, ip: &apos;10.240.103.158&apos;, os.name: &apos;Windows 7&apos;, os.arch: &apos;amd64&apos;, os.version: &apos;6.1&apos;, java.version: &apos;1.8.0_181&apos;
Driver info: driver.version: Driver
remote stacktrace: Backtrace:
	Ordinal0 [0x0025A113+1548563]
	Ordinal0 [0x001DDDA1+1039777]
	Ordinal0 [0x0015E485+517253]
	Ordinal0 [0x000EFD34+64820]
	Ordinal0 [0x000EC61E+50718]
	Ordinal0 [0x0010B797+178071]
	Ordinal0 [0x0010B59D+177565]
	Ordinal0 [0x001095FB+169467]
	Ordinal0 [0x000F160A+71178]
	Ordinal0 [0x000F2690+75408]
	Ordinal0 [0x000F2629+75305]
	Ordinal0 [0x001F71B7+1143223]
	GetHandleVerifier [0x002F2B46+507814]
	GetHandleVerifier [0x002F2864+507076]
	GetHandleVerifier [0x002F9F47+537511]
	GetHandleVerifier [0x002F3402+510050]
	Ordinal0 [0x001EF29C+1110684]
	Ordinal0 [0x001F938B+1151883]
	Ordinal0 [0x001F94F3+1152243]
	Ordinal0 [0x001F83F5+1147893]
	BaseThreadInitThunk [0x75FF343D+18]
	RtlInitializeExceptionChain [0x77B09812+99]
	RtlInitializeExceptionChain [0x77B097E5+54]

	at org.openqa.selenium.remote.W3CHandshakeResponse.lambda$new$0(W3CHandshakeResponse.java:57)
	at org.openqa.selenium.remote.W3CHandshakeResponse.lambda$getResponseFunction$2(W3CHandshakeResponse.java:104)
	at org.openqa.selenium.remote.ProtocolHandshake.lambda$createSession$22(ProtocolHandshake.java:365)
	at java.util.stream.ReferencePipeline$3$1.accept(ReferencePipeline.java:193)
	at java.util.Spliterators$ArraySpliterator.tryAdvance(Spliterators.java:958)
	at java.util.stream.ReferencePipeline.forEachWithCancel(ReferencePipeline.java:126)
	at java.util.stream.AbstractPipeline.copyIntoWithCancel(AbstractPipeline.java:498)
	at java.util.stream.AbstractPipeline.copyInto(AbstractPipeline.java:485)
	at java.util.stream.AbstractPipeline.wrapAndCopyInto(AbstractPipeline.java:471)
	at java.util.stream.FindOps$FindOp.evaluateSequential(FindOps.java:152)
	at java.util.stream.AbstractPipeline.evaluate(AbstractPipeline.java:234)
	at java.util.stream.ReferencePipeline.findFirst(ReferencePipeline.java:464)
	at org.openqa.selenium.remote.ProtocolHandshake.createSession(ProtocolHandshake.java:368)
	at org.openqa.selenium.remote.ProtocolHandshake.createSession(ProtocolHandshake.java:159)
	at org.openqa.selenium.remote.HttpCommandExecutor.execute(HttpCommandExecutor.java:142)
	at org.openqa.selenium.remote.service.DriverCommandExecutor.execute(DriverCommandExecutor.java:82)
	at org.openqa.selenium.remote.RemoteWebDriver.execute(RemoteWebDriver.java:637)
	at org.openqa.selenium.remote.RemoteWebDriver.startSession(RemoteWebDriver.java:250)
	at org.openqa.selenium.remote.RemoteWebDriver.startSession(RemoteWebDriver.java:236)
	at org.openqa.selenium.remote.RemoteWebDriver.&lt;init&gt;(RemoteWebDriver.java:137)
	at org.openqa.selenium.chrome.ChromeDriver.&lt;init&gt;(ChromeDriver.java:184)
	at org.openqa.selenium.chrome.ChromeDriver.&lt;init&gt;(ChromeDriver.java:148)
	at aria.testframework.util.Driver.setDriver(Driver.java:104)
	at aria.testframework.businessprocess.GBusinessProcess.aperturaBrowser(GBusinessProcess.java:260)
	at aria.testframework.businessprocess.GBusinessProcess.beforeMethod(GBusinessProcess.java:106)
... Removed 32 stack frames
</div> <!-- stack-trace -->
                </div> <!-- method-content -->
              </div> <!-- method -->
              <div class="method">
                <div class="method-content">
                  <a name="exec">
                  </a> <!-- exec -->
                  <span class="method-name">exec</span>
                  <div class="stack-trace">org.openqa.selenium.SessionNotCreatedException: session not created: This version of ChromeDriver only supports Chrome version 79
Build info: version: &apos;3.4.0&apos;, revision: &apos;unknown&apos;, time: &apos;unknown&apos;
System info: host: &apos;CNEGRONEW2&apos;, ip: &apos;10.240.103.158&apos;, os.name: &apos;Windows 7&apos;, os.arch: &apos;amd64&apos;, os.version: &apos;6.1&apos;, java.version: &apos;1.8.0_181&apos;
Driver info: driver.version: Driver
remote stacktrace: Backtrace:
	Ordinal0 [0x0025A113+1548563]
	Ordinal0 [0x001DDDA1+1039777]
	Ordinal0 [0x0015E485+517253]
	Ordinal0 [0x000EFD34+64820]
	Ordinal0 [0x000EC61E+50718]
	Ordinal0 [0x0010B797+178071]
	Ordinal0 [0x0010B59D+177565]
	Ordinal0 [0x001095FB+169467]
	Ordinal0 [0x000F160A+71178]
	Ordinal0 [0x000F2690+75408]
	Ordinal0 [0x000F2629+75305]
	Ordinal0 [0x001F71B7+1143223]
	GetHandleVerifier [0x002F2B46+507814]
	GetHandleVerifier [0x002F2864+507076]
	GetHandleVerifier [0x002F9F47+537511]
	GetHandleVerifier [0x002F3402+510050]
	Ordinal0 [0x001EF29C+1110684]
	Ordinal0 [0x001F938B+1151883]
	Ordinal0 [0x001F94F3+1152243]
	Ordinal0 [0x001F83F5+1147893]
	BaseThreadInitThunk [0x75FF343D+18]
	RtlInitializeExceptionChain [0x77B09812+99]
	RtlInitializeExceptionChain [0x77B097E5+54]

	at org.openqa.selenium.remote.W3CHandshakeResponse.lambda$new$0(W3CHandshakeResponse.java:57)
	at org.openqa.selenium.remote.W3CHandshakeResponse.lambda$getResponseFunction$2(W3CHandshakeResponse.java:104)
	at org.openqa.selenium.remote.ProtocolHandshake.lambda$createSession$22(ProtocolHandshake.java:365)
	at java.util.stream.ReferencePipeline$3$1.accept(ReferencePipeline.java:193)
	at java.util.Spliterators$ArraySpliterator.tryAdvance(Spliterators.java:958)
	at java.util.stream.ReferencePipeline.forEachWithCancel(ReferencePipeline.java:126)
	at java.util.stream.AbstractPipeline.copyIntoWithCancel(AbstractPipeline.java:498)
	at java.util.stream.AbstractPipeline.copyInto(AbstractPipeline.java:485)
	at java.util.stream.AbstractPipeline.wrapAndCopyInto(AbstractPipeline.java:471)
	at java.util.stream.FindOps$FindOp.evaluateSequential(FindOps.java:152)
	at java.util.stream.AbstractPipeline.evaluate(AbstractPipeline.java:234)
	at java.util.stream.ReferencePipeline.findFirst(ReferencePipeline.java:464)
	at org.openqa.selenium.remote.ProtocolHandshake.createSession(ProtocolHandshake.java:368)
	at org.openqa.selenium.remote.ProtocolHandshake.createSession(ProtocolHandshake.java:159)
	at org.openqa.selenium.remote.HttpCommandExecutor.execute(HttpCommandExecutor.java:142)
	at org.openqa.selenium.remote.service.DriverCommandExecutor.execute(DriverCommandExecutor.java:82)
	at org.openqa.selenium.remote.RemoteWebDriver.execute(RemoteWebDriver.java:637)
	at org.openqa.selenium.remote.RemoteWebDriver.startSession(RemoteWebDriver.java:250)
	at org.openqa.selenium.remote.RemoteWebDriver.startSession(RemoteWebDriver.java:236)
	at org.openqa.selenium.remote.RemoteWebDriver.&lt;init&gt;(RemoteWebDriver.java:137)
	at org.openqa.selenium.chrome.ChromeDriver.&lt;init&gt;(ChromeDriver.java:184)
	at org.openqa.selenium.chrome.ChromeDriver.&lt;init&gt;(ChromeDriver.java:148)
	at aria.testframework.util.Driver.setDriver(Driver.java:104)
	at aria.testframework.businessprocess.GBusinessProcess.aperturaBrowser(GBusinessProcess.java:260)
	at aria.testframework.businessprocess.GBusinessProcess.beforeMethod(GBusinessProcess.java:106)
... Removed 32 stack frames
</div> <!-- stack-trace -->
                </div> <!-- method-content -->
              </div> <!-- method -->
            </div> <!-- main-panel-content rounded-window-bottom -->
          </div> <!-- suite-20170801-120912-POLARION-class-skipped -->
        </div> <!-- panel 20170801-120912-POLARION -->
        <div panel-name="test-xml-20170801-120912-POLARION" class="panel">
          <div class="main-panel-header rounded-window-top">
            <span class="header-content">C:\TSEL\TEST_SAMPLE\sqa-TEST_SAMPLE-selenium-webdriver-test\src\main\resources\suites\GBusinessProcess.xml</span>
          </div> <!-- main-panel-header rounded-window-top -->
          <div class="main-panel-content rounded-window-bottom">
            <pre>
&lt;?xml version=&quot;1.0&quot; encoding=&quot;UTF-8&quot;?&gt;
&lt;!DOCTYPE suite SYSTEM &quot;http://testng.org/testng-1.0.dtd&quot;&gt;
&lt;suite guice-stage=&quot;DEVELOPMENT&quot; name=&quot;20170801-120912-POLARION&quot;&gt;
  &lt;parameter name=&quot;report&quot; value=&quot;src/main/resources/doc/report_generic.xls&quot;/&gt;
  &lt;listeners&gt;
    &lt;listener class-name=&quot;aria.testframework.util.Listener&quot;/&gt;
  &lt;/listeners&gt;
  &lt;test thread-count=&quot;5&quot; name=&quot;chrome1&quot;&gt;
    &lt;parameter name=&quot;sequence&quot; value=&quot;no&quot;/&gt;
    &lt;parameter name=&quot;bpname&quot; value=&quot;BP01_RicercaGoogle&quot;/&gt;
    &lt;parameter name=&quot;xlsdataprovider&quot; value=&quot;src/main/resources/doc/BP01_RicercaGoogle.xls&quot;/&gt;
    &lt;parameter name=&quot;browser&quot; value=&quot;chrome&quot;/&gt;
    &lt;parameter name=&quot;filetemplate&quot; value=&quot;src/main/resources/properties/TEST_SAMPLE.properties&quot;/&gt;
    &lt;parameter name=&quot;iterations&quot; value=&quot;1-3&quot;/&gt;
    &lt;classes&gt;
      &lt;class name=&quot;aria.testframework.businessprocess.GBusinessProcess&quot;/&gt;
    &lt;/classes&gt;
  &lt;/test&gt; &lt;!-- chrome1 --&gt;
&lt;/suite&gt; &lt;!-- 20170801-120912-POLARION --&gt;
            </pre>
          </div> <!-- main-panel-content rounded-window-bottom -->
        </div> <!-- panel -->
        <div panel-name="testlist-20170801-120912-POLARION" class="panel">
          <div class="main-panel-header rounded-window-top">
            <span class="header-content">Tests for 20170801-120912-POLARION</span>
          </div> <!-- main-panel-header rounded-window-top -->
          <div class="main-panel-content rounded-window-bottom">
            <ul>
              <li>
                <span class="test-name">chrome1 (1 class)</span>
              </li>
            </ul>
          </div> <!-- main-panel-content rounded-window-bottom -->
        </div> <!-- panel -->
        <div panel-name="group-20170801-120912-POLARION" class="panel">
          <div class="main-panel-header rounded-window-top">
            <span class="header-content">Groups for 20170801-120912-POLARION</span>
          </div> <!-- main-panel-header rounded-window-top -->
          <div class="main-panel-content rounded-window-bottom">
          </div> <!-- main-panel-content rounded-window-bottom -->
        </div> <!-- panel -->
        <div panel-name="times-20170801-120912-POLARION" class="panel">
          <div class="main-panel-header rounded-window-top">
            <span class="header-content">Times for 20170801-120912-POLARION</span>
          </div> <!-- main-panel-header rounded-window-top -->
          <div class="main-panel-content rounded-window-bottom">
            <div class="times-div">
              <script type="text/javascript">
suiteTableInitFunctions.push('tableData_20170801-120912-POLARION');
function tableData_20170801-120912-POLARION() {
var data = new google.visualization.DataTable();
data.addColumn('number', 'Number');
data.addColumn('string', 'Method');
data.addColumn('string', 'Class');
data.addColumn('number', 'Time (ms)');
data.addRows(3);
data.setCell(0, 0, 0)
data.setCell(0, 1, 'exec')
data.setCell(0, 2, 'aria.testframework.businessprocess.GBusinessProcess')
data.setCell(0, 3, 0);
data.setCell(1, 0, 1)
data.setCell(1, 1, 'exec')
data.setCell(1, 2, 'aria.testframework.businessprocess.GBusinessProcess')
data.setCell(1, 3, 0);
data.setCell(2, 0, 2)
data.setCell(2, 1, 'exec')
data.setCell(2, 2, 'aria.testframework.businessprocess.GBusinessProcess')
data.setCell(2, 3, 0);
window.suiteTableData['20170801-120912-POLARION']= { tableData: data, tableDiv: 'times-div-20170801-120912-POLARION'}
return data;
}
              </script>
              <span class="suite-total-time">Total running time: 0 ms</span>
              <div id="times-div-20170801-120912-POLARION">
              </div> <!-- times-div-20170801-120912-POLARION -->
            </div> <!-- times-div -->
          </div> <!-- main-panel-content rounded-window-bottom -->
        </div> <!-- panel -->
        <div panel-name="reporter-20170801-120912-POLARION" class="panel">
          <div class="main-panel-header rounded-window-top">
            <span class="header-content">Reporter output for 20170801-120912-POLARION</span>
          </div> <!-- main-panel-header rounded-window-top -->
          <div class="main-panel-content rounded-window-bottom">
            <div class="reporter-method-div">
              <span class="reporter-method-name">exec</span>
              <div class="reporter-method-output-div">
                <span class="reporter-method-output">Test Method resides in aria.testframework.businessprocess.GBusinessProcess</span>
                <span class="reporter-method-output">Test Status: Skipped</span>
                <span class="reporter-method-output">About to begin executing following method : GBusinessProcess.exec</span>
                <span class="reporter-method-output">Completed executing following method : GBusinessProcess.exec</span>
              </div> <!-- reporter-method-output-div -->
            </div> <!-- reporter-method-div -->
            <div class="reporter-method-div">
              <span class="reporter-method-name">exec</span>
              <div class="reporter-method-output-div">
                <span class="reporter-method-output">Test Method resides in aria.testframework.businessprocess.GBusinessProcess</span>
                <span class="reporter-method-output">Test Status: Skipped</span>
                <span class="reporter-method-output">About to begin executing following method : GBusinessProcess.exec</span>
                <span class="reporter-method-output">Completed executing following method : GBusinessProcess.exec</span>
              </div> <!-- reporter-method-output-div -->
            </div> <!-- reporter-method-div -->
            <div class="reporter-method-div">
              <span class="reporter-method-name">exec</span>
              <div class="reporter-method-output-div">
                <span class="reporter-method-output">Test Method resides in aria.testframework.businessprocess.GBusinessProcess</span>
                <span class="reporter-method-output">Test Status: Skipped</span>
                <span class="reporter-method-output">About to begin executing following method : GBusinessProcess.exec</span>
                <span class="reporter-method-output">Completed executing following method : GBusinessProcess.exec</span>
                <span class="reporter-method-output">Completed executing test chrome1</span>
                <span class="reporter-method-output">About to end executing Suite 20170801-120912-POLARION</span>
              </div> <!-- reporter-method-output-div -->
            </div> <!-- reporter-method-div -->
          </div> <!-- main-panel-content rounded-window-bottom -->
        </div> <!-- panel -->
        <div panel-name="ignored-methods-20170801-120912-POLARION" class="panel">
          <div class="main-panel-header rounded-window-top">
            <span class="header-content">0 ignored methods</span>
          </div> <!-- main-panel-header rounded-window-top -->
          <div class="main-panel-content rounded-window-bottom">
          </div> <!-- main-panel-content rounded-window-bottom -->
        </div> <!-- panel -->
        <div panel-name="chronological-20170801-120912-POLARION" class="panel">
          <div class="main-panel-header rounded-window-top">
            <span class="header-content">Methods in chronological order</span>
          </div> <!-- main-panel-header rounded-window-top -->
          <div class="main-panel-content rounded-window-bottom">
            <div class="chronological-class">
              <div class="chronological-class-name">aria.testframework.businessprocess.GBusinessProcess</div> <!-- chronological-class-name -->
              <div class="test-method">
                <span class="method-name">exec</span>
                <span class="method-start">0 ms</span>
              </div> <!-- test-method -->
              <div class="test-method">
                <span class="method-name">exec</span>
                <span class="method-start">0 ms</span>
              </div> <!-- test-method -->
              <div class="test-method">
                <span class="method-name">exec</span>
                <span class="method-start">0 ms</span>
              </div> <!-- test-method -->
              <div class="configuration-test before">
                <span class="method-name">beforeTest(org.testng.TestRunner@28b576a9, chrome, 1-3, src/main/resources/doc/BP01_RicercaGoogle.xls, src/main...)</span>
                <span class="method-start">0 ms</span>
              </div> <!-- configuration-test before -->
              <div class="configuration-method before">
                <img src="failed.png">
                </img>
                <span class="method-name">beforeMethod</span>
                <span class="method-start">1023 ms</span>
              </div> <!-- configuration-method before -->
          </div> <!-- main-panel-content rounded-window-bottom -->
        </div> <!-- panel -->
      </div> <!-- main-panel-root -->
    </div> <!-- wrapper -->
  </body>
</html>
