<?xml version="1.0" encoding="UTF-8"?>
<testng-results skipped="3" failed="0" ignored="0" total="3" passed="0">
  <reporter-output>
    <line>
      <![CDATA[About to begin executing Suite 20170801-120912-POLARION]]>
    </line>
    <line>
      <![CDATA[About to begin executing Test chrome1]]>
    </line>
    <line>
      <![CDATA[About to begin executing following method : GBusinessProcess.beforeTest]]>
    </line>
    <line>
      <![CDATA[<br>INFO - ******************************************************************************************]]>
    </line>
    <line>
      <![CDATA[<br>INFO - ******************************************************************************************]]>
    </line>
    <line>
      <![CDATA[Completed executing following method : GBusinessProcess.beforeTest]]>
    </line>
    <line>
      <![CDATA[<br>INFO - Sono state lette: 3 righe]]>
    </line>
    <line>
      <![CDATA[About to begin executing following method : GBusinessProcess.beforeMethod]]>
    </line>
    <line>
      <![CDATA[<br>INFO - File: C:\TSEL\TEST_SAMPLE\sqa-TEST_SAMPLE-selenium-webdriver-test\src\main\resources\doc\report_generic.xls exists, file length: 13312]]>
    </line>
    <line>
      <![CDATA[<br>INFO - ***Apertura Browser]]>
    </line>
    <line>
      <![CDATA[<br>INFO - Apertura driver browser: chrome]]>
    </line>
    <line>
      <![CDATA[<br>INFO - Desired Capabilities: chrome]]>
    </line>
    <line>
      <![CDATA[Completed executing following method : GBusinessProcess.beforeMethod]]>
    </line>
    <line>
      <![CDATA[Test Method resides in aria.testframework.businessprocess.GBusinessProcess]]>
    </line>
    <line>
      <![CDATA[Test Status: Skipped]]>
    </line>
    <line>
      <![CDATA[About to begin executing following method : GBusinessProcess.exec]]>
    </line>
    <line>
      <![CDATA[Completed executing following method : GBusinessProcess.exec]]>
    </line>
    <line>
      <![CDATA[Test Method resides in aria.testframework.businessprocess.GBusinessProcess]]>
    </line>
    <line>
      <![CDATA[Test Status: Skipped]]>
    </line>
    <line>
      <![CDATA[About to begin executing following method : GBusinessProcess.exec]]>
    </line>
    <line>
      <![CDATA[Completed executing following method : GBusinessProcess.exec]]>
    </line>
    <line>
      <![CDATA[Test Method resides in aria.testframework.businessprocess.GBusinessProcess]]>
    </line>
    <line>
      <![CDATA[Test Status: Skipped]]>
    </line>
    <line>
      <![CDATA[About to begin executing following method : GBusinessProcess.exec]]>
    </line>
    <line>
      <![CDATA[Completed executing following method : GBusinessProcess.exec]]>
    </line>
    <line>
      <![CDATA[Completed executing test chrome1]]>
    </line>
    <line>
      <![CDATA[About to end executing Suite 20170801-120912-POLARION]]>
    </line>
  </reporter-output>
  <suite name="20170801-120912-POLARION" duration-ms="4267" started-at="2020-05-29T14:02:05Z" finished-at="2020-05-29T14:02:09Z">
    <groups>
    </groups>
    <test name="chrome1" duration-ms="4267" started-at="2020-05-29T14:02:05Z" finished-at="2020-05-29T14:02:09Z">
      <class name="aria.testframework.businessprocess.GBusinessProcess">
        <test-method status="PASS" signature="beforeTest(org.testng.ITestContext, java.lang.String, java.lang.String, java.lang.String, java.lang.String, java.lang.String, java.lang.String, java.lang.String, java.lang.String)[pri:0, instance:aria.testframework.businessprocess.GBusinessProcess@6dde5c8c]" name="beforeTest" is-config="true" duration-ms="553" started-at="2020-05-29T14:02:05Z" finished-at="2020-05-29T14:02:06Z">
          <params>
            <param index="0">
              <value>
                <![CDATA[org.testng.TestRunner@28b576a9]]>
              </value>
            </param>
            <param index="1">
              <value>
                <![CDATA[chrome]]>
              </value>
            </param>
            <param index="2">
              <value>
                <![CDATA[1-3]]>
              </value>
            </param>
            <param index="3">
              <value>
                <![CDATA[src/main/resources/doc/BP01_RicercaGoogle.xls]]>
              </value>
            </param>
            <param index="4">
              <value>
                <![CDATA[src/main/resources/doc/report_generic.xls]]>
              </value>
            </param>
            <param index="5">
              <value>
                <![CDATA[no]]>
              </value>
            </param>
            <param index="6">
              <value>
                <![CDATA[BP01_RicercaGoogle]]>
              </value>
            </param>
            <param index="7">
              <value>
                <![CDATA[src/main/resources/properties/TEST_SAMPLE.properties]]>
              </value>
            </param>
            <param index="8">
              <value>
                <![CDATA[]]>
              </value>
            </param>
          </params>
          <reporter-output>
            <line>
              <![CDATA[<br>INFO - ******************************************************************************************]]>
            </line>
            <line>
              <![CDATA[<br>INFO - ******************************************************************************************]]>
            </line>
            <line>
              <![CDATA[Completed executing following method : GBusinessProcess.beforeTest]]>
            </line>
          </reporter-output>
        </test-method> <!-- beforeTest -->
        <test-method status="FAIL" signature="beforeMethod()[pri:0, instance:aria.testframework.businessprocess.GBusinessProcess@6dde5c8c]" name="beforeMethod" is-config="true" duration-ms="3223" started-at="2020-05-29T14:02:06Z" finished-at="2020-05-29T14:02:09Z">
          <exception class="org.openqa.selenium.SessionNotCreatedException">
            <message>
              <![CDATA[session not created: This version of ChromeDriver only supports Chrome version 79
Build info: version: '3.4.0', revision: 'unknown', time: 'unknown'
System info: host: 'CNEGRONEW2', ip: '10.240.103.158', os.name: 'Windows 7', os.arch: 'amd64', os.version: '6.1', java.version: '1.8.0_181'
Driver info: driver.version: Driver
remote stacktrace: Backtrace:
Ordinal0 [0x0025A113+1548563]
Ordinal0 [0x001DDDA1+1039777]
Ordinal0 [0x0015E485+517253]
Ordinal0 [0x000EFD34+64820]
Ordinal0 [0x000EC61E+50718]
Ordinal0 [0x0010B797+178071]
Ordinal0 [0x0010B59D+177565]
Ordinal0 [0x001095FB+169467]
Ordinal0 [0x000F160A+71178]
Ordinal0 [0x000F2690+75408]
Ordinal0 [0x000F2629+75305]
Ordinal0 [0x001F71B7+1143223]
GetHandleVerifier [0x002F2B46+507814]
GetHandleVerifier [0x002F2864+507076]
GetHandleVerifier [0x002F9F47+537511]
GetHandleVerifier [0x002F3402+510050]
Ordinal0 [0x001EF29C+1110684]
Ordinal0 [0x001F938B+1151883]
Ordinal0 [0x001F94F3+1152243]
Ordinal0 [0x001F83F5+1147893]
BaseThreadInitThunk [0x75FF343D+18]
RtlInitializeExceptionChain [0x77B09812+99]
RtlInitializeExceptionChain [0x77B097E5+54]
]]>
            </message>
            <full-stacktrace>
              <![CDATA[org.openqa.selenium.SessionNotCreatedException: session not created: This version of ChromeDriver only supports Chrome version 79
Build info: version: '3.4.0', revision: 'unknown', time: 'unknown'
System info: host: 'CNEGRONEW2', ip: '10.240.103.158', os.name: 'Windows 7', os.arch: 'amd64', os.version: '6.1', java.version: '1.8.0_181'
Driver info: driver.version: Driver
remote stacktrace: Backtrace:
Ordinal0 [0x0025A113+1548563]
Ordinal0 [0x001DDDA1+1039777]
Ordinal0 [0x0015E485+517253]
Ordinal0 [0x000EFD34+64820]
Ordinal0 [0x000EC61E+50718]
Ordinal0 [0x0010B797+178071]
Ordinal0 [0x0010B59D+177565]
Ordinal0 [0x001095FB+169467]
Ordinal0 [0x000F160A+71178]
Ordinal0 [0x000F2690+75408]
Ordinal0 [0x000F2629+75305]
Ordinal0 [0x001F71B7+1143223]
GetHandleVerifier [0x002F2B46+507814]
GetHandleVerifier [0x002F2864+507076]
GetHandleVerifier [0x002F9F47+537511]
GetHandleVerifier [0x002F3402+510050]
Ordinal0 [0x001EF29C+1110684]
Ordinal0 [0x001F938B+1151883]
Ordinal0 [0x001F94F3+1152243]
Ordinal0 [0x001F83F5+1147893]
BaseThreadInitThunk [0x75FF343D+18]
RtlInitializeExceptionChain [0x77B09812+99]
RtlInitializeExceptionChain [0x77B097E5+54]

at sun.reflect.NativeConstructorAccessorImpl.newInstance0(Native Method)
at sun.reflect.NativeConstructorAccessorImpl.newInstance(NativeConstructorAccessorImpl.java:62)
at sun.reflect.DelegatingConstructorAccessorImpl.newInstance(DelegatingConstructorAccessorImpl.java:45)
at java.lang.reflect.Constructor.newInstance(Constructor.java:423)
at org.openqa.selenium.remote.W3CHandshakeResponse.lambda$new$0(W3CHandshakeResponse.java:57)
at org.openqa.selenium.remote.W3CHandshakeResponse.lambda$getResponseFunction$2(W3CHandshakeResponse.java:104)
at org.openqa.selenium.remote.ProtocolHandshake.lambda$createSession$22(ProtocolHandshake.java:365)
at java.util.stream.ReferencePipeline$3$1.accept(ReferencePipeline.java:193)
at java.util.Spliterators$ArraySpliterator.tryAdvance(Spliterators.java:958)
at java.util.stream.ReferencePipeline.forEachWithCancel(ReferencePipeline.java:126)
at java.util.stream.AbstractPipeline.copyIntoWithCancel(AbstractPipeline.java:498)
at java.util.stream.AbstractPipeline.copyInto(AbstractPipeline.java:485)
at java.util.stream.AbstractPipeline.wrapAndCopyInto(AbstractPipeline.java:471)
at java.util.stream.FindOps$FindOp.evaluateSequential(FindOps.java:152)
at java.util.stream.AbstractPipeline.evaluate(AbstractPipeline.java:234)
at java.util.stream.ReferencePipeline.findFirst(ReferencePipeline.java:464)
at org.openqa.selenium.remote.ProtocolHandshake.createSession(ProtocolHandshake.java:368)
at org.openqa.selenium.remote.ProtocolHandshake.createSession(ProtocolHandshake.java:159)
at org.openqa.selenium.remote.HttpCommandExecutor.execute(HttpCommandExecutor.java:142)
at org.openqa.selenium.remote.service.DriverCommandExecutor.execute(DriverCommandExecutor.java:82)
at org.openqa.selenium.remote.RemoteWebDriver.execute(RemoteWebDriver.java:637)
at org.openqa.selenium.remote.RemoteWebDriver.startSession(RemoteWebDriver.java:250)
at org.openqa.selenium.remote.RemoteWebDriver.startSession(RemoteWebDriver.java:236)
at org.openqa.selenium.remote.RemoteWebDriver.<init>(RemoteWebDriver.java:137)
at org.openqa.selenium.chrome.ChromeDriver.<init>(ChromeDriver.java:184)
at org.openqa.selenium.chrome.ChromeDriver.<init>(ChromeDriver.java:148)
at aria.testframework.util.Driver.setDriver(Driver.java:104)
at aria.testframework.businessprocess.GBusinessProcess.aperturaBrowser(GBusinessProcess.java:260)
at aria.testframework.businessprocess.GBusinessProcess.beforeMethod(GBusinessProcess.java:106)
at sun.reflect.NativeMethodAccessorImpl.invoke0(Native Method)
at sun.reflect.NativeMethodAccessorImpl.invoke(NativeMethodAccessorImpl.java:62)
at sun.reflect.DelegatingMethodAccessorImpl.invoke(DelegatingMethodAccessorImpl.java:43)
at java.lang.reflect.Method.invoke(Method.java:498)
at org.testng.internal.MethodInvocationHelper.invokeMethod(MethodInvocationHelper.java:124)
at org.testng.internal.MethodInvocationHelper.invokeMethodConsideringTimeout(MethodInvocationHelper.java:59)
at org.testng.internal.Invoker.invokeConfigurationMethod(Invoker.java:458)
at org.testng.internal.Invoker.invokeConfigurations(Invoker.java:222)
at org.testng.internal.Invoker.invokeMethod(Invoker.java:523)
at org.testng.internal.Invoker.invokeTestMethod(Invoker.java:719)
at org.testng.internal.Invoker.invokeTestMethods(Invoker.java:989)
at org.testng.internal.TestMethodWorker.invokeTestMethods(TestMethodWorker.java:125)
at org.testng.internal.TestMethodWorker.run(TestMethodWorker.java:109)
at org.testng.TestRunner.privateRun(TestRunner.java:648)
at org.testng.TestRunner.run(TestRunner.java:505)
at org.testng.SuiteRunner.runTest(SuiteRunner.java:455)
at org.testng.SuiteRunner.runSequentially(SuiteRunner.java:450)
at org.testng.SuiteRunner.privateRun(SuiteRunner.java:415)
at org.testng.SuiteRunner.run(SuiteRunner.java:364)
at org.testng.SuiteRunnerWorker.runSuite(SuiteRunnerWorker.java:52)
at org.testng.SuiteRunnerWorker.run(SuiteRunnerWorker.java:84)
at org.testng.TestNG.runSuitesSequentially(TestNG.java:1208)
at org.testng.TestNG.runSuitesLocally(TestNG.java:1137)
at org.testng.TestNG.runSuites(TestNG.java:1049)
at org.testng.TestNG.run(TestNG.java:1017)
at org.testng.remote.AbstractRemoteTestNG.run(AbstractRemoteTestNG.java:114)
at org.testng.remote.RemoteTestNG.initAndRun(RemoteTestNG.java:251)
at org.testng.remote.RemoteTestNG.main(RemoteTestNG.java:77)
]]>
            </full-stacktrace>
          </exception> <!-- org.openqa.selenium.SessionNotCreatedException -->
          <reporter-output>
            <line>
              <![CDATA[<br>INFO - File: C:\TSEL\TEST_SAMPLE\sqa-TEST_SAMPLE-selenium-webdriver-test\src\main\resources\doc\report_generic.xls exists, file length: 13312]]>
            </line>
            <line>
              <![CDATA[<br>INFO - ***Apertura Browser]]>
            </line>
            <line>
              <![CDATA[<br>INFO - Apertura driver browser: chrome]]>
            </line>
            <line>
              <![CDATA[<br>INFO - Desired Capabilities: chrome]]>
            </line>
            <line>
              <![CDATA[Completed executing following method : GBusinessProcess.beforeMethod]]>
            </line>
          </reporter-output>
        </test-method> <!-- beforeMethod -->
        <test-method status="SKIP" signature="exec([Laria.testframework.util.Parameter;)[pri:0, instance:aria.testframework.businessprocess.GBusinessProcess@6dde5c8c]" name="exec" duration-ms="0" started-at="2020-05-29T14:02:09Z" data-provider="data" finished-at="2020-05-29T14:02:09Z">
          <exception class="org.openqa.selenium.SessionNotCreatedException">
            <message>
              <![CDATA[session not created: This version of ChromeDriver only supports Chrome version 79
Build info: version: '3.4.0', revision: 'unknown', time: 'unknown'
System info: host: 'CNEGRONEW2', ip: '10.240.103.158', os.name: 'Windows 7', os.arch: 'amd64', os.version: '6.1', java.version: '1.8.0_181'
Driver info: driver.version: Driver
remote stacktrace: Backtrace:
Ordinal0 [0x0025A113+1548563]
Ordinal0 [0x001DDDA1+1039777]
Ordinal0 [0x0015E485+517253]
Ordinal0 [0x000EFD34+64820]
Ordinal0 [0x000EC61E+50718]
Ordinal0 [0x0010B797+178071]
Ordinal0 [0x0010B59D+177565]
Ordinal0 [0x001095FB+169467]
Ordinal0 [0x000F160A+71178]
Ordinal0 [0x000F2690+75408]
Ordinal0 [0x000F2629+75305]
Ordinal0 [0x001F71B7+1143223]
GetHandleVerifier [0x002F2B46+507814]
GetHandleVerifier [0x002F2864+507076]
GetHandleVerifier [0x002F9F47+537511]
GetHandleVerifier [0x002F3402+510050]
Ordinal0 [0x001EF29C+1110684]
Ordinal0 [0x001F938B+1151883]
Ordinal0 [0x001F94F3+1152243]
Ordinal0 [0x001F83F5+1147893]
BaseThreadInitThunk [0x75FF343D+18]
RtlInitializeExceptionChain [0x77B09812+99]
RtlInitializeExceptionChain [0x77B097E5+54]
]]>
            </message>
            <full-stacktrace>
              <![CDATA[org.openqa.selenium.SessionNotCreatedException: session not created: This version of ChromeDriver only supports Chrome version 79
Build info: version: '3.4.0', revision: 'unknown', time: 'unknown'
System info: host: 'CNEGRONEW2', ip: '10.240.103.158', os.name: 'Windows 7', os.arch: 'amd64', os.version: '6.1', java.version: '1.8.0_181'
Driver info: driver.version: Driver
remote stacktrace: Backtrace:
Ordinal0 [0x0025A113+1548563]
Ordinal0 [0x001DDDA1+1039777]
Ordinal0 [0x0015E485+517253]
Ordinal0 [0x000EFD34+64820]
Ordinal0 [0x000EC61E+50718]
Ordinal0 [0x0010B797+178071]
Ordinal0 [0x0010B59D+177565]
Ordinal0 [0x001095FB+169467]
Ordinal0 [0x000F160A+71178]
Ordinal0 [0x000F2690+75408]
Ordinal0 [0x000F2629+75305]
Ordinal0 [0x001F71B7+1143223]
GetHandleVerifier [0x002F2B46+507814]
GetHandleVerifier [0x002F2864+507076]
GetHandleVerifier [0x002F9F47+537511]
GetHandleVerifier [0x002F3402+510050]
Ordinal0 [0x001EF29C+1110684]
Ordinal0 [0x001F938B+1151883]
Ordinal0 [0x001F94F3+1152243]
Ordinal0 [0x001F83F5+1147893]
BaseThreadInitThunk [0x75FF343D+18]
RtlInitializeExceptionChain [0x77B09812+99]
RtlInitializeExceptionChain [0x77B097E5+54]

at sun.reflect.NativeConstructorAccessorImpl.newInstance0(Native Method)
at sun.reflect.NativeConstructorAccessorImpl.newInstance(NativeConstructorAccessorImpl.java:62)
at sun.reflect.DelegatingConstructorAccessorImpl.newInstance(DelegatingConstructorAccessorImpl.java:45)
at java.lang.reflect.Constructor.newInstance(Constructor.java:423)
at org.openqa.selenium.remote.W3CHandshakeResponse.lambda$new$0(W3CHandshakeResponse.java:57)
at org.openqa.selenium.remote.W3CHandshakeResponse.lambda$getResponseFunction$2(W3CHandshakeResponse.java:104)
at org.openqa.selenium.remote.ProtocolHandshake.lambda$createSession$22(ProtocolHandshake.java:365)
at java.util.stream.ReferencePipeline$3$1.accept(ReferencePipeline.java:193)
at java.util.Spliterators$ArraySpliterator.tryAdvance(Spliterators.java:958)
at java.util.stream.ReferencePipeline.forEachWithCancel(ReferencePipeline.java:126)
at java.util.stream.AbstractPipeline.copyIntoWithCancel(AbstractPipeline.java:498)
at java.util.stream.AbstractPipeline.copyInto(AbstractPipeline.java:485)
at java.util.stream.AbstractPipeline.wrapAndCopyInto(AbstractPipeline.java:471)
at java.util.stream.FindOps$FindOp.evaluateSequential(FindOps.java:152)
at java.util.stream.AbstractPipeline.evaluate(AbstractPipeline.java:234)
at java.util.stream.ReferencePipeline.findFirst(ReferencePipeline.java:464)
at org.openqa.selenium.remote.ProtocolHandshake.createSession(ProtocolHandshake.java:368)
at org.openqa.selenium.remote.ProtocolHandshake.createSession(ProtocolHandshake.java:159)
at org.openqa.selenium.remote.HttpCommandExecutor.execute(HttpCommandExecutor.java:142)
at org.openqa.selenium.remote.service.DriverCommandExecutor.execute(DriverCommandExecutor.java:82)
at org.openqa.selenium.remote.RemoteWebDriver.execute(RemoteWebDriver.java:637)
at org.openqa.selenium.remote.RemoteWebDriver.startSession(RemoteWebDriver.java:250)
at org.openqa.selenium.remote.RemoteWebDriver.startSession(RemoteWebDriver.java:236)
at org.openqa.selenium.remote.RemoteWebDriver.<init>(RemoteWebDriver.java:137)
at org.openqa.selenium.chrome.ChromeDriver.<init>(ChromeDriver.java:184)
at org.openqa.selenium.chrome.ChromeDriver.<init>(ChromeDriver.java:148)
at aria.testframework.util.Driver.setDriver(Driver.java:104)
at aria.testframework.businessprocess.GBusinessProcess.aperturaBrowser(GBusinessProcess.java:260)
at aria.testframework.businessprocess.GBusinessProcess.beforeMethod(GBusinessProcess.java:106)
at sun.reflect.NativeMethodAccessorImpl.invoke0(Native Method)
at sun.reflect.NativeMethodAccessorImpl.invoke(NativeMethodAccessorImpl.java:62)
at sun.reflect.DelegatingMethodAccessorImpl.invoke(DelegatingMethodAccessorImpl.java:43)
at java.lang.reflect.Method.invoke(Method.java:498)
at org.testng.internal.MethodInvocationHelper.invokeMethod(MethodInvocationHelper.java:124)
at org.testng.internal.MethodInvocationHelper.invokeMethodConsideringTimeout(MethodInvocationHelper.java:59)
at org.testng.internal.Invoker.invokeConfigurationMethod(Invoker.java:458)
at org.testng.internal.Invoker.invokeConfigurations(Invoker.java:222)
at org.testng.internal.Invoker.invokeMethod(Invoker.java:523)
at org.testng.internal.Invoker.invokeTestMethod(Invoker.java:719)
at org.testng.internal.Invoker.invokeTestMethods(Invoker.java:989)
at org.testng.internal.TestMethodWorker.invokeTestMethods(TestMethodWorker.java:125)
at org.testng.internal.TestMethodWorker.run(TestMethodWorker.java:109)
at org.testng.TestRunner.privateRun(TestRunner.java:648)
at org.testng.TestRunner.run(TestRunner.java:505)
at org.testng.SuiteRunner.runTest(SuiteRunner.java:455)
at org.testng.SuiteRunner.runSequentially(SuiteRunner.java:450)
at org.testng.SuiteRunner.privateRun(SuiteRunner.java:415)
at org.testng.SuiteRunner.run(SuiteRunner.java:364)
at org.testng.SuiteRunnerWorker.runSuite(SuiteRunnerWorker.java:52)
at org.testng.SuiteRunnerWorker.run(SuiteRunnerWorker.java:84)
at org.testng.TestNG.runSuitesSequentially(TestNG.java:1208)
at org.testng.TestNG.runSuitesLocally(TestNG.java:1137)
at org.testng.TestNG.runSuites(TestNG.java:1049)
at org.testng.TestNG.run(TestNG.java:1017)
at org.testng.remote.AbstractRemoteTestNG.run(AbstractRemoteTestNG.java:114)
at org.testng.remote.RemoteTestNG.initAndRun(RemoteTestNG.java:251)
at org.testng.remote.RemoteTestNG.main(RemoteTestNG.java:77)
]]>
            </full-stacktrace>
          </exception> <!-- org.openqa.selenium.SessionNotCreatedException -->
          <reporter-output>
            <line>
              <![CDATA[Test Method resides in aria.testframework.businessprocess.GBusinessProcess]]>
            </line>
            <line>
              <![CDATA[Test Status: Skipped]]>
            </line>
            <line>
              <![CDATA[About to begin executing following method : GBusinessProcess.exec]]>
            </line>
            <line>
              <![CDATA[Completed executing following method : GBusinessProcess.exec]]>
            </line>
          </reporter-output>
        </test-method> <!-- exec -->
        <test-method status="SKIP" signature="exec([Laria.testframework.util.Parameter;)[pri:0, instance:aria.testframework.businessprocess.GBusinessProcess@6dde5c8c]" name="exec" duration-ms="0" started-at="2020-05-29T14:02:09Z" data-provider="data" finished-at="2020-05-29T14:02:09Z">
          <exception class="org.openqa.selenium.SessionNotCreatedException">
            <message>
              <![CDATA[session not created: This version of ChromeDriver only supports Chrome version 79
Build info: version: '3.4.0', revision: 'unknown', time: 'unknown'
System info: host: 'CNEGRONEW2', ip: '10.240.103.158', os.name: 'Windows 7', os.arch: 'amd64', os.version: '6.1', java.version: '1.8.0_181'
Driver info: driver.version: Driver
remote stacktrace: Backtrace:
Ordinal0 [0x0025A113+1548563]
Ordinal0 [0x001DDDA1+1039777]
Ordinal0 [0x0015E485+517253]
Ordinal0 [0x000EFD34+64820]
Ordinal0 [0x000EC61E+50718]
Ordinal0 [0x0010B797+178071]
Ordinal0 [0x0010B59D+177565]
Ordinal0 [0x001095FB+169467]
Ordinal0 [0x000F160A+71178]
Ordinal0 [0x000F2690+75408]
Ordinal0 [0x000F2629+75305]
Ordinal0 [0x001F71B7+1143223]
GetHandleVerifier [0x002F2B46+507814]
GetHandleVerifier [0x002F2864+507076]
GetHandleVerifier [0x002F9F47+537511]
GetHandleVerifier [0x002F3402+510050]
Ordinal0 [0x001EF29C+1110684]
Ordinal0 [0x001F938B+1151883]
Ordinal0 [0x001F94F3+1152243]
Ordinal0 [0x001F83F5+1147893]
BaseThreadInitThunk [0x75FF343D+18]
RtlInitializeExceptionChain [0x77B09812+99]
RtlInitializeExceptionChain [0x77B097E5+54]
]]>
            </message>
            <full-stacktrace>
              <![CDATA[org.openqa.selenium.SessionNotCreatedException: session not created: This version of ChromeDriver only supports Chrome version 79
Build info: version: '3.4.0', revision: 'unknown', time: 'unknown'
System info: host: 'CNEGRONEW2', ip: '10.240.103.158', os.name: 'Windows 7', os.arch: 'amd64', os.version: '6.1', java.version: '1.8.0_181'
Driver info: driver.version: Driver
remote stacktrace: Backtrace:
Ordinal0 [0x0025A113+1548563]
Ordinal0 [0x001DDDA1+1039777]
Ordinal0 [0x0015E485+517253]
Ordinal0 [0x000EFD34+64820]
Ordinal0 [0x000EC61E+50718]
Ordinal0 [0x0010B797+178071]
Ordinal0 [0x0010B59D+177565]
Ordinal0 [0x001095FB+169467]
Ordinal0 [0x000F160A+71178]
Ordinal0 [0x000F2690+75408]
Ordinal0 [0x000F2629+75305]
Ordinal0 [0x001F71B7+1143223]
GetHandleVerifier [0x002F2B46+507814]
GetHandleVerifier [0x002F2864+507076]
GetHandleVerifier [0x002F9F47+537511]
GetHandleVerifier [0x002F3402+510050]
Ordinal0 [0x001EF29C+1110684]
Ordinal0 [0x001F938B+1151883]
Ordinal0 [0x001F94F3+1152243]
Ordinal0 [0x001F83F5+1147893]
BaseThreadInitThunk [0x75FF343D+18]
RtlInitializeExceptionChain [0x77B09812+99]
RtlInitializeExceptionChain [0x77B097E5+54]

at sun.reflect.NativeConstructorAccessorImpl.newInstance0(Native Method)
at sun.reflect.NativeConstructorAccessorImpl.newInstance(NativeConstructorAccessorImpl.java:62)
at sun.reflect.DelegatingConstructorAccessorImpl.newInstance(DelegatingConstructorAccessorImpl.java:45)
at java.lang.reflect.Constructor.newInstance(Constructor.java:423)
at org.openqa.selenium.remote.W3CHandshakeResponse.lambda$new$0(W3CHandshakeResponse.java:57)
at org.openqa.selenium.remote.W3CHandshakeResponse.lambda$getResponseFunction$2(W3CHandshakeResponse.java:104)
at org.openqa.selenium.remote.ProtocolHandshake.lambda$createSession$22(ProtocolHandshake.java:365)
at java.util.stream.ReferencePipeline$3$1.accept(ReferencePipeline.java:193)
at java.util.Spliterators$ArraySpliterator.tryAdvance(Spliterators.java:958)
at java.util.stream.ReferencePipeline.forEachWithCancel(ReferencePipeline.java:126)
at java.util.stream.AbstractPipeline.copyIntoWithCancel(AbstractPipeline.java:498)
at java.util.stream.AbstractPipeline.copyInto(AbstractPipeline.java:485)
at java.util.stream.AbstractPipeline.wrapAndCopyInto(AbstractPipeline.java:471)
at java.util.stream.FindOps$FindOp.evaluateSequential(FindOps.java:152)
at java.util.stream.AbstractPipeline.evaluate(AbstractPipeline.java:234)
at java.util.stream.ReferencePipeline.findFirst(ReferencePipeline.java:464)
at org.openqa.selenium.remote.ProtocolHandshake.createSession(ProtocolHandshake.java:368)
at org.openqa.selenium.remote.ProtocolHandshake.createSession(ProtocolHandshake.java:159)
at org.openqa.selenium.remote.HttpCommandExecutor.execute(HttpCommandExecutor.java:142)
at org.openqa.selenium.remote.service.DriverCommandExecutor.execute(DriverCommandExecutor.java:82)
at org.openqa.selenium.remote.RemoteWebDriver.execute(RemoteWebDriver.java:637)
at org.openqa.selenium.remote.RemoteWebDriver.startSession(RemoteWebDriver.java:250)
at org.openqa.selenium.remote.RemoteWebDriver.startSession(RemoteWebDriver.java:236)
at org.openqa.selenium.remote.RemoteWebDriver.<init>(RemoteWebDriver.java:137)
at org.openqa.selenium.chrome.ChromeDriver.<init>(ChromeDriver.java:184)
at org.openqa.selenium.chrome.ChromeDriver.<init>(ChromeDriver.java:148)
at aria.testframework.util.Driver.setDriver(Driver.java:104)
at aria.testframework.businessprocess.GBusinessProcess.aperturaBrowser(GBusinessProcess.java:260)
at aria.testframework.businessprocess.GBusinessProcess.beforeMethod(GBusinessProcess.java:106)
at sun.reflect.NativeMethodAccessorImpl.invoke0(Native Method)
at sun.reflect.NativeMethodAccessorImpl.invoke(NativeMethodAccessorImpl.java:62)
at sun.reflect.DelegatingMethodAccessorImpl.invoke(DelegatingMethodAccessorImpl.java:43)
at java.lang.reflect.Method.invoke(Method.java:498)
at org.testng.internal.MethodInvocationHelper.invokeMethod(MethodInvocationHelper.java:124)
at org.testng.internal.MethodInvocationHelper.invokeMethodConsideringTimeout(MethodInvocationHelper.java:59)
at org.testng.internal.Invoker.invokeConfigurationMethod(Invoker.java:458)
at org.testng.internal.Invoker.invokeConfigurations(Invoker.java:222)
at org.testng.internal.Invoker.invokeMethod(Invoker.java:523)
at org.testng.internal.Invoker.invokeTestMethod(Invoker.java:719)
at org.testng.internal.Invoker.invokeTestMethods(Invoker.java:989)
at org.testng.internal.TestMethodWorker.invokeTestMethods(TestMethodWorker.java:125)
at org.testng.internal.TestMethodWorker.run(TestMethodWorker.java:109)
at org.testng.TestRunner.privateRun(TestRunner.java:648)
at org.testng.TestRunner.run(TestRunner.java:505)
at org.testng.SuiteRunner.runTest(SuiteRunner.java:455)
at org.testng.SuiteRunner.runSequentially(SuiteRunner.java:450)
at org.testng.SuiteRunner.privateRun(SuiteRunner.java:415)
at org.testng.SuiteRunner.run(SuiteRunner.java:364)
at org.testng.SuiteRunnerWorker.runSuite(SuiteRunnerWorker.java:52)
at org.testng.SuiteRunnerWorker.run(SuiteRunnerWorker.java:84)
at org.testng.TestNG.runSuitesSequentially(TestNG.java:1208)
at org.testng.TestNG.runSuitesLocally(TestNG.java:1137)
at org.testng.TestNG.runSuites(TestNG.java:1049)
at org.testng.TestNG.run(TestNG.java:1017)
at org.testng.remote.AbstractRemoteTestNG.run(AbstractRemoteTestNG.java:114)
at org.testng.remote.RemoteTestNG.initAndRun(RemoteTestNG.java:251)
at org.testng.remote.RemoteTestNG.main(RemoteTestNG.java:77)
]]>
            </full-stacktrace>
          </exception> <!-- org.openqa.selenium.SessionNotCreatedException -->
          <reporter-output>
            <line>
              <![CDATA[Test Method resides in aria.testframework.businessprocess.GBusinessProcess]]>
            </line>
            <line>
              <![CDATA[Test Status: Skipped]]>
            </line>
            <line>
              <![CDATA[About to begin executing following method : GBusinessProcess.exec]]>
            </line>
            <line>
              <![CDATA[Completed executing following method : GBusinessProcess.exec]]>
            </line>
          </reporter-output>
        </test-method> <!-- exec -->
        <test-method status="SKIP" signature="beforeMethod()[pri:0, instance:aria.testframework.businessprocess.GBusinessProcess@6dde5c8c]" name="beforeMethod" is-config="true" duration-ms="0" started-at="2020-05-29T14:02:09Z" finished-at="2020-05-29T14:02:09Z">
          <reporter-output>
          </reporter-output>
        </test-method> <!-- beforeMethod -->
        <test-method status="SKIP" signature="beforeMethod()[pri:0, instance:aria.testframework.businessprocess.GBusinessProcess@6dde5c8c]" name="beforeMethod" is-config="true" duration-ms="0" started-at="2020-05-29T14:02:09Z" finished-at="2020-05-29T14:02:09Z">
          <reporter-output>
          </reporter-output>
        </test-method> <!-- beforeMethod -->
        <test-method status="SKIP" signature="afterMethod(org.testng.ITestResult)[pri:0, instance:aria.testframework.businessprocess.GBusinessProcess@6dde5c8c]" name="afterMethod" is-config="true" duration-ms="0" started-at="2020-05-29T14:02:09Z" finished-at="2020-05-29T14:02:09Z">
          <reporter-output>
          </reporter-output>
        </test-method> <!-- afterMethod -->
        <test-method status="SKIP" signature="afterMethod(org.testng.ITestResult)[pri:0, instance:aria.testframework.businessprocess.GBusinessProcess@6dde5c8c]" name="afterMethod" is-config="true" duration-ms="0" started-at="2020-05-29T14:02:09Z" finished-at="2020-05-29T14:02:09Z">
          <reporter-output>
          </reporter-output>
        </test-method> <!-- afterMethod -->
        <test-method status="SKIP" signature="exec([Laria.testframework.util.Parameter;)[pri:0, instance:aria.testframework.businessprocess.GBusinessProcess@6dde5c8c]" name="exec" duration-ms="0" started-at="2020-05-29T14:02:09Z" data-provider="data" finished-at="2020-05-29T14:02:09Z">
          <exception class="org.openqa.selenium.SessionNotCreatedException">
            <message>
              <![CDATA[session not created: This version of ChromeDriver only supports Chrome version 79
Build info: version: '3.4.0', revision: 'unknown', time: 'unknown'
System info: host: 'CNEGRONEW2', ip: '10.240.103.158', os.name: 'Windows 7', os.arch: 'amd64', os.version: '6.1', java.version: '1.8.0_181'
Driver info: driver.version: Driver
remote stacktrace: Backtrace:
Ordinal0 [0x0025A113+1548563]
Ordinal0 [0x001DDDA1+1039777]
Ordinal0 [0x0015E485+517253]
Ordinal0 [0x000EFD34+64820]
Ordinal0 [0x000EC61E+50718]
Ordinal0 [0x0010B797+178071]
Ordinal0 [0x0010B59D+177565]
Ordinal0 [0x001095FB+169467]
Ordinal0 [0x000F160A+71178]
Ordinal0 [0x000F2690+75408]
Ordinal0 [0x000F2629+75305]
Ordinal0 [0x001F71B7+1143223]
GetHandleVerifier [0x002F2B46+507814]
GetHandleVerifier [0x002F2864+507076]
GetHandleVerifier [0x002F9F47+537511]
GetHandleVerifier [0x002F3402+510050]
Ordinal0 [0x001EF29C+1110684]
Ordinal0 [0x001F938B+1151883]
Ordinal0 [0x001F94F3+1152243]
Ordinal0 [0x001F83F5+1147893]
BaseThreadInitThunk [0x75FF343D+18]
RtlInitializeExceptionChain [0x77B09812+99]
RtlInitializeExceptionChain [0x77B097E5+54]
]]>
            </message>
            <full-stacktrace>
              <![CDATA[org.openqa.selenium.SessionNotCreatedException: session not created: This version of ChromeDriver only supports Chrome version 79
Build info: version: '3.4.0', revision: 'unknown', time: 'unknown'
System info: host: 'CNEGRONEW2', ip: '10.240.103.158', os.name: 'Windows 7', os.arch: 'amd64', os.version: '6.1', java.version: '1.8.0_181'
Driver info: driver.version: Driver
remote stacktrace: Backtrace:
Ordinal0 [0x0025A113+1548563]
Ordinal0 [0x001DDDA1+1039777]
Ordinal0 [0x0015E485+517253]
Ordinal0 [0x000EFD34+64820]
Ordinal0 [0x000EC61E+50718]
Ordinal0 [0x0010B797+178071]
Ordinal0 [0x0010B59D+177565]
Ordinal0 [0x001095FB+169467]
Ordinal0 [0x000F160A+71178]
Ordinal0 [0x000F2690+75408]
Ordinal0 [0x000F2629+75305]
Ordinal0 [0x001F71B7+1143223]
GetHandleVerifier [0x002F2B46+507814]
GetHandleVerifier [0x002F2864+507076]
GetHandleVerifier [0x002F9F47+537511]
GetHandleVerifier [0x002F3402+510050]
Ordinal0 [0x001EF29C+1110684]
Ordinal0 [0x001F938B+1151883]
Ordinal0 [0x001F94F3+1152243]
Ordinal0 [0x001F83F5+1147893]
BaseThreadInitThunk [0x75FF343D+18]
RtlInitializeExceptionChain [0x77B09812+99]
RtlInitializeExceptionChain [0x77B097E5+54]

at sun.reflect.NativeConstructorAccessorImpl.newInstance0(Native Method)
at sun.reflect.NativeConstructorAccessorImpl.newInstance(NativeConstructorAccessorImpl.java:62)
at sun.reflect.DelegatingConstructorAccessorImpl.newInstance(DelegatingConstructorAccessorImpl.java:45)
at java.lang.reflect.Constructor.newInstance(Constructor.java:423)
at org.openqa.selenium.remote.W3CHandshakeResponse.lambda$new$0(W3CHandshakeResponse.java:57)
at org.openqa.selenium.remote.W3CHandshakeResponse.lambda$getResponseFunction$2(W3CHandshakeResponse.java:104)
at org.openqa.selenium.remote.ProtocolHandshake.lambda$createSession$22(ProtocolHandshake.java:365)
at java.util.stream.ReferencePipeline$3$1.accept(ReferencePipeline.java:193)
at java.util.Spliterators$ArraySpliterator.tryAdvance(Spliterators.java:958)
at java.util.stream.ReferencePipeline.forEachWithCancel(ReferencePipeline.java:126)
at java.util.stream.AbstractPipeline.copyIntoWithCancel(AbstractPipeline.java:498)
at java.util.stream.AbstractPipeline.copyInto(AbstractPipeline.java:485)
at java.util.stream.AbstractPipeline.wrapAndCopyInto(AbstractPipeline.java:471)
at java.util.stream.FindOps$FindOp.evaluateSequential(FindOps.java:152)
at java.util.stream.AbstractPipeline.evaluate(AbstractPipeline.java:234)
at java.util.stream.ReferencePipeline.findFirst(ReferencePipeline.java:464)
at org.openqa.selenium.remote.ProtocolHandshake.createSession(ProtocolHandshake.java:368)
at org.openqa.selenium.remote.ProtocolHandshake.createSession(ProtocolHandshake.java:159)
at org.openqa.selenium.remote.HttpCommandExecutor.execute(HttpCommandExecutor.java:142)
at org.openqa.selenium.remote.service.DriverCommandExecutor.execute(DriverCommandExecutor.java:82)
at org.openqa.selenium.remote.RemoteWebDriver.execute(RemoteWebDriver.java:637)
at org.openqa.selenium.remote.RemoteWebDriver.startSession(RemoteWebDriver.java:250)
at org.openqa.selenium.remote.RemoteWebDriver.startSession(RemoteWebDriver.java:236)
at org.openqa.selenium.remote.RemoteWebDriver.<init>(RemoteWebDriver.java:137)
at org.openqa.selenium.chrome.ChromeDriver.<init>(ChromeDriver.java:184)
at org.openqa.selenium.chrome.ChromeDriver.<init>(ChromeDriver.java:148)
at aria.testframework.util.Driver.setDriver(Driver.java:104)
at aria.testframework.businessprocess.GBusinessProcess.aperturaBrowser(GBusinessProcess.java:260)
at aria.testframework.businessprocess.GBusinessProcess.beforeMethod(GBusinessProcess.java:106)
at sun.reflect.NativeMethodAccessorImpl.invoke0(Native Method)
at sun.reflect.NativeMethodAccessorImpl.invoke(NativeMethodAccessorImpl.java:62)
at sun.reflect.DelegatingMethodAccessorImpl.invoke(DelegatingMethodAccessorImpl.java:43)
at java.lang.reflect.Method.invoke(Method.java:498)
at org.testng.internal.MethodInvocationHelper.invokeMethod(MethodInvocationHelper.java:124)
at org.testng.internal.MethodInvocationHelper.invokeMethodConsideringTimeout(MethodInvocationHelper.java:59)
at org.testng.internal.Invoker.invokeConfigurationMethod(Invoker.java:458)
at org.testng.internal.Invoker.invokeConfigurations(Invoker.java:222)
at org.testng.internal.Invoker.invokeMethod(Invoker.java:523)
at org.testng.internal.Invoker.invokeTestMethod(Invoker.java:719)
at org.testng.internal.Invoker.invokeTestMethods(Invoker.java:989)
at org.testng.internal.TestMethodWorker.invokeTestMethods(TestMethodWorker.java:125)
at org.testng.internal.TestMethodWorker.run(TestMethodWorker.java:109)
at org.testng.TestRunner.privateRun(TestRunner.java:648)
at org.testng.TestRunner.run(TestRunner.java:505)
at org.testng.SuiteRunner.runTest(SuiteRunner.java:455)
at org.testng.SuiteRunner.runSequentially(SuiteRunner.java:450)
at org.testng.SuiteRunner.privateRun(SuiteRunner.java:415)
at org.testng.SuiteRunner.run(SuiteRunner.java:364)
at org.testng.SuiteRunnerWorker.runSuite(SuiteRunnerWorker.java:52)
at org.testng.SuiteRunnerWorker.run(SuiteRunnerWorker.java:84)
at org.testng.TestNG.runSuitesSequentially(TestNG.java:1208)
at org.testng.TestNG.runSuitesLocally(TestNG.java:1137)
at org.testng.TestNG.runSuites(TestNG.java:1049)
at org.testng.TestNG.run(TestNG.java:1017)
at org.testng.remote.AbstractRemoteTestNG.run(AbstractRemoteTestNG.java:114)
at org.testng.remote.RemoteTestNG.initAndRun(RemoteTestNG.java:251)
at org.testng.remote.RemoteTestNG.main(RemoteTestNG.java:77)
]]>
            </full-stacktrace>
          </exception> <!-- org.openqa.selenium.SessionNotCreatedException -->
          <reporter-output>
            <line>
              <![CDATA[Test Method resides in aria.testframework.businessprocess.GBusinessProcess]]>
            </line>
            <line>
              <![CDATA[Test Status: Skipped]]>
            </line>
            <line>
              <![CDATA[About to begin executing following method : GBusinessProcess.exec]]>
            </line>
            <line>
              <![CDATA[Completed executing following method : GBusinessProcess.exec]]>
            </line>
            <line>
              <![CDATA[Completed executing test chrome1]]>
            </line>
            <line>
              <![CDATA[About to end executing Suite 20170801-120912-POLARION]]>
            </line>
          </reporter-output>
        </test-method> <!-- exec -->
        <test-method status="SKIP" signature="afterMethod(org.testng.ITestResult)[pri:0, instance:aria.testframework.businessprocess.GBusinessProcess@6dde5c8c]" name="afterMethod" is-config="true" duration-ms="0" started-at="2020-05-29T14:02:09Z" finished-at="2020-05-29T14:02:09Z">
          <reporter-output>
          </reporter-output>
        </test-method> <!-- afterMethod -->
        <test-method status="SKIP" signature="afterTest()[pri:0, instance:aria.testframework.businessprocess.GBusinessProcess@6dde5c8c]" name="afterTest" is-config="true" duration-ms="0" started-at="2020-05-29T14:02:09Z" finished-at="2020-05-29T14:02:09Z">
          <reporter-output>
          </reporter-output>
        </test-method> <!-- afterTest -->
      </class> <!-- aria.testframework.businessprocess.GBusinessProcess -->
    </test> <!-- chrome1 -->
  </suite> <!-- 20170801-120912-POLARION -->
</testng-results>
